{"numFailedTestSuites":0,"numFailedTests":0,"numPassedTestSuites":12,"numPassedTests":236,"numPendingTestSuites":0,"numPendingTests":0,"numRuntimeErrorTestSuites":0,"numTodoTests":0,"numTotalTestSuites":12,"numTotalTests":236,"openHandles":[],"snapshot":{"added":0,"didUpdate":false,"failure":false,"filesAdded":0,"filesRemoved":0,"filesRemovedList":[],"filesUnmatched":0,"filesUpdated":0,"matched":0,"total":0,"unchecked":0,"uncheckedKeysByFile":[],"unmatched":0,"updated":0},"startTime":1759596662643,"success":true,"testResults":[{"assertionResults":[{"ancestorTitles":["Report Model","constructor and validation"],"duration":50,"failureDetails":[],"failureMessages":[],"fullName":"Report Model constructor and validation should create a valid report","invocations":1,"location":null,"numPassingAsserts":3,"retryReasons":[],"status":"passed","title":"should create a valid report"},{"ancestorTitles":["Report Model","constructor and validation"],"duration":64,"failureDetails":[],"failureMessages":[],"fullName":"Report Model constructor and validation should throw error for invalid data","invocations":1,"location":null,"numPassingAsserts":1,"retryReasons":[],"status":"passed","title":"should throw error for invalid data"},{"ancestorTitles":["Report Model","generateId"],"duration":1,"failureDetails":[],"failureMessages":[],"fullName":"Report Model generateId should generate valid report ID format","invocations":1,"location":null,"numPassingAsserts":1,"retryReasons":[],"status":"passed","title":"should generate valid report ID format"},{"ancestorTitles":["Report Model","create"],"duration":61,"failureDetails":[],"failureMessages":[],"fullName":"Report Model create should create report with generated ID and timestamps","invocations":1,"location":null,"numPassingAsserts":8,"retryReasons":[],"status":"passed","title":"should create report with generated ID and timestamps"},{"ancestorTitles":["Report Model","validateBusinessRules"],"duration":5,"failureDetails":[],"failureMessages":[],"fullName":"Report Model validateBusinessRules should pass validation for unique school name","invocations":1,"location":null,"numPassingAsserts":1,"retryReasons":[],"status":"passed","title":"should pass validation for unique school name"},{"ancestorTitles":["Report Model","validateBusinessRules"],"duration":10,"failureDetails":[],"failureMessages":[],"fullName":"Report Model validateBusinessRules should throw error for duplicate school name","invocations":1,"location":null,"numPassingAsserts":1,"retryReasons":[],"status":"passed","title":"should throw error for duplicate school name"},{"ancestorTitles":["Report Model","getStatusEnum"],"duration":7,"failureDetails":[],"failureMessages":[],"fullName":"Report Model getStatusEnum should return status enumeration","invocations":1,"location":null,"numPassingAsserts":3,"retryReasons":[],"status":"passed","title":"should return status enumeration"}],"endTime":1759596665850,"message":"","name":"C:\\Repos\\UnlicesnsedDrivingSchool\\tests\\unit\\models\\Report.test.js","startTime":1759596663295,"status":"passed","summary":""},{"assertionResults":[{"ancestorTitles":["Configuration Model","constructor and validation"],"duration":27,"failureDetails":[],"failureMessages":[],"fullName":"Configuration Model constructor and validation should create a valid string configuration","invocations":1,"location":null,"numPassingAsserts":4,"retryReasons":[],"status":"passed","title":"should create a valid string configuration"},{"ancestorTitles":["Configuration Model","constructor and validation"],"duration":5,"failureDetails":[],"failureMessages":[],"fullName":"Configuration Model constructor and validation should create a valid number configuration","invocations":1,"location":null,"numPassingAsserts":3,"retryReasons":[],"status":"passed","title":"should create a valid number configuration"},{"ancestorTitles":["Configuration Model","constructor and validation"],"duration":8,"failureDetails":[],"failureMessages":[],"fullName":"Configuration Model constructor and validation should create a valid boolean configuration","invocations":1,"location":null,"numPassingAsserts":3,"retryReasons":[],"status":"passed","title":"should create a valid boolean configuration"},{"ancestorTitles":["Configuration Model","constructor and validation"],"duration":11,"failureDetails":[],"failureMessages":[],"fullName":"Configuration Model constructor and validation should create a valid JSON configuration","invocations":1,"location":null,"numPassingAsserts":3,"retryReasons":[],"status":"passed","title":"should create a valid JSON configuration"},{"ancestorTitles":["Configuration Model","constructor and validation"],"duration":46,"failureDetails":[],"failureMessages":[],"fullName":"Configuration Model constructor and validation should throw error for invalid data","invocations":1,"location":null,"numPassingAsserts":1,"retryReasons":[],"status":"passed","title":"should throw error for invalid data"},{"ancestorTitles":["Configuration Model","validateAndConvertValue"],"duration":1,"failureDetails":[],"failureMessages":[],"fullName":"Configuration Model validateAndConvertValue should convert string values","invocations":1,"location":null,"numPassingAsserts":2,"retryReasons":[],"status":"passed","title":"should convert string values"},{"ancestorTitles":["Configuration Model","validateAndConvertValue"],"duration":2,"failureDetails":[],"failureMessages":[],"fullName":"Configuration Model validateAndConvertValue should convert number values","invocations":1,"location":null,"numPassingAsserts":3,"retryReasons":[],"status":"passed","title":"should convert number values"},{"ancestorTitles":["Configuration Model","validateAndConvertValue"],"duration":1,"failureDetails":[],"failureMessages":[],"fullName":"Configuration Model validateAndConvertValue should convert boolean values","invocations":1,"location":null,"numPassingAsserts":4,"retryReasons":[],"status":"passed","title":"should convert boolean values"},{"ancestorTitles":["Configuration Model","validateAndConvertValue"],"duration":1,"failureDetails":[],"failureMessages":[],"fullName":"Configuration Model validateAndConvertValue should convert JSON values","invocations":1,"location":null,"numPassingAsserts":2,"retryReasons":[],"status":"passed","title":"should convert JSON values"},{"ancestorTitles":["Configuration Model","validateAndConvertValue"],"duration":3,"failureDetails":[],"failureMessages":[],"fullName":"Configuration Model validateAndConvertValue should throw error for invalid conversions","invocations":1,"location":null,"numPassingAsserts":3,"retryReasons":[],"status":"passed","title":"should throw error for invalid conversions"},{"ancestorTitles":["Configuration Model","validateBusinessRules"],"duration":2,"failureDetails":[],"failureMessages":[],"fullName":"Configuration Model validateBusinessRules should pass validation for unique key","invocations":1,"location":null,"numPassingAsserts":1,"retryReasons":[],"status":"passed","title":"should pass validation for unique key"},{"ancestorTitles":["Configuration Model","validateBusinessRules"],"duration":6,"failureDetails":[],"failureMessages":[],"fullName":"Configuration Model validateBusinessRules should throw error for duplicate key","invocations":1,"location":null,"numPassingAsserts":1,"retryReasons":[],"status":"passed","title":"should throw error for duplicate key"},{"ancestorTitles":["Configuration Model","category-specific validation"],"duration":3,"failureDetails":[],"failureMessages":[],"fullName":"Configuration Model category-specific validation should validate email configuration","invocations":1,"location":null,"numPassingAsserts":1,"retryReasons":[],"status":"passed","title":"should validate email configuration"},{"ancestorTitles":["Configuration Model","category-specific validation"],"duration":3,"failureDetails":[],"failureMessages":[],"fullName":"Configuration Model category-specific validation should reject invalid email","invocations":1,"location":null,"numPassingAsserts":1,"retryReasons":[],"status":"passed","title":"should reject invalid email"},{"ancestorTitles":["Configuration Model","category-specific validation"],"duration":2,"failureDetails":[],"failureMessages":[],"fullName":"Configuration Model category-specific validation should validate Google configuration","invocations":1,"location":null,"numPassingAsserts":1,"retryReasons":[],"status":"passed","title":"should validate Google configuration"},{"ancestorTitles":["Configuration Model","category-specific validation"],"duration":3,"failureDetails":[],"failureMessages":[],"fullName":"Configuration Model category-specific validation should validate system configuration","invocations":1,"location":null,"numPassingAsserts":1,"retryReasons":[],"status":"passed","title":"should validate system configuration"},{"ancestorTitles":["Configuration Model","category-specific validation"],"duration":8,"failureDetails":[],"failureMessages":[],"fullName":"Configuration Model category-specific validation should reject invalid rate limit","invocations":1,"location":null,"numPassingAsserts":1,"retryReasons":[],"status":"passed","title":"should reject invalid rate limit"},{"ancestorTitles":["Configuration Model","value getters"],"duration":1,"failureDetails":[],"failureMessages":[],"fullName":"Configuration Model value getters should return typed value","invocations":1,"location":null,"numPassingAsserts":1,"retryReasons":[],"status":"passed","title":"should return typed value"},{"ancestorTitles":["Configuration Model","value getters"],"duration":4,"failureDetails":[],"failureMessages":[],"fullName":"Configuration Model value getters should return string representation","invocations":1,"location":null,"numPassingAsserts":4,"retryReasons":[],"status":"passed","title":"should return string representation"},{"ancestorTitles":["Configuration Model","create and update"],"duration":5,"failureDetails":[],"failureMessages":[],"fullName":"Configuration Model create and update should create configuration with timestamp","invocations":1,"location":null,"numPassingAsserts":4,"retryReasons":[],"status":"passed","title":"should create configuration with timestamp"},{"ancestorTitles":["Configuration Model","create and update"],"duration":5,"failureDetails":[],"failureMessages":[],"fullName":"Configuration Model create and update should update configuration with new timestamp","invocations":1,"location":null,"numPassingAsserts":4,"retryReasons":[],"status":"passed","title":"should update configuration with new timestamp"},{"ancestorTitles":["Configuration Model","getters"],"duration":0,"failureDetails":[],"failureMessages":[],"fullName":"Configuration Model getters should return types enum","invocations":1,"location":null,"numPassingAsserts":4,"retryReasons":[],"status":"passed","title":"should return types enum"},{"ancestorTitles":["Configuration Model","getters"],"duration":1,"failureDetails":[],"failureMessages":[],"fullName":"Configuration Model getters should return categories enum","invocations":1,"location":null,"numPassingAsserts":3,"retryReasons":[],"status":"passed","title":"should return categories enum"}],"endTime":1759596665865,"message":"","name":"C:\\Repos\\UnlicesnsedDrivingSchool\\tests\\unit\\models\\Configuration.test.js","startTime":1759596663294,"status":"passed","summary":""},{"assertionResults":[{"ancestorTitles":["Validation Utilities","validateEmail"],"duration":16,"failureDetails":[],"failureMessages":[],"fullName":"Validation Utilities validateEmail should validate correct emails","invocations":1,"location":null,"numPassingAsserts":2,"retryReasons":[],"status":"passed","title":"should validate correct emails"},{"ancestorTitles":["Validation Utilities","validateEmail"],"duration":1,"failureDetails":[],"failureMessages":[],"fullName":"Validation Utilities validateEmail should reject invalid emails","invocations":1,"location":null,"numPassingAsserts":4,"retryReasons":[],"status":"passed","title":"should reject invalid emails"},{"ancestorTitles":["Validation Utilities","validatePhoneNumber"],"duration":1,"failureDetails":[],"failureMessages":[],"fullName":"Validation Utilities validatePhoneNumber should validate correct phone numbers","invocations":1,"location":null,"numPassingAsserts":4,"retryReasons":[],"status":"passed","title":"should validate correct phone numbers"},{"ancestorTitles":["Validation Utilities","validatePhoneNumber"],"duration":0,"failureDetails":[],"failureMessages":[],"fullName":"Validation Utilities validatePhoneNumber should reject invalid phone numbers","invocations":1,"location":null,"numPassingAsserts":3,"retryReasons":[],"status":"passed","title":"should reject invalid phone numbers"},{"ancestorTitles":["Validation Utilities","formatPhoneNumber"],"duration":1,"failureDetails":[],"failureMessages":[],"fullName":"Validation Utilities formatPhoneNumber should format phone numbers correctly","invocations":1,"location":null,"numPassingAsserts":3,"retryReasons":[],"status":"passed","title":"should format phone numbers correctly"},{"ancestorTitles":["Validation Utilities","formatPhoneNumber"],"duration":0,"failureDetails":[],"failureMessages":[],"fullName":"Validation Utilities formatPhoneNumber should return original for invalid numbers","invocations":1,"location":null,"numPassingAsserts":2,"retryReasons":[],"status":"passed","title":"should return original for invalid numbers"},{"ancestorTitles":["Validation Utilities","toE164PhoneNumber"],"duration":9,"failureDetails":[],"failureMessages":[],"fullName":"Validation Utilities toE164PhoneNumber should convert to E.164 format","invocations":1,"location":null,"numPassingAsserts":2,"retryReasons":[],"status":"passed","title":"should convert to E.164 format"},{"ancestorTitles":["Validation Utilities","toE164PhoneNumber"],"duration":1,"failureDetails":[],"failureMessages":[],"fullName":"Validation Utilities toE164PhoneNumber should return original for invalid numbers","invocations":1,"location":null,"numPassingAsserts":1,"retryReasons":[],"status":"passed","title":"should return original for invalid numbers"},{"ancestorTitles":["Validation Utilities","validateUrl"],"duration":1,"failureDetails":[],"failureMessages":[],"fullName":"Validation Utilities validateUrl should validate correct URLs","invocations":1,"location":null,"numPassingAsserts":2,"retryReasons":[],"status":"passed","title":"should validate correct URLs"},{"ancestorTitles":["Validation Utilities","validateUrl"],"duration":1,"failureDetails":[],"failureMessages":[],"fullName":"Validation Utilities validateUrl should reject invalid URLs","invocations":1,"location":null,"numPassingAsserts":3,"retryReasons":[],"status":"passed","title":"should reject invalid URLs"},{"ancestorTitles":["Validation Utilities","normalizeUrl"],"duration":1,"failureDetails":[],"failureMessages":[],"fullName":"Validation Utilities normalizeUrl should add https to URLs without protocol","invocations":1,"location":null,"numPassingAsserts":2,"retryReasons":[],"status":"passed","title":"should add https to URLs without protocol"},{"ancestorTitles":["Validation Utilities","normalizeUrl"],"duration":0,"failureDetails":[],"failureMessages":[],"fullName":"Validation Utilities normalizeUrl should leave valid URLs unchanged","invocations":1,"location":null,"numPassingAsserts":2,"retryReasons":[],"status":"passed","title":"should leave valid URLs unchanged"},{"ancestorTitles":["Validation Utilities","validateIpAddress"],"duration":1,"failureDetails":[],"failureMessages":[],"fullName":"Validation Utilities validateIpAddress should validate IPv4 addresses","invocations":1,"location":null,"numPassingAsserts":2,"retryReasons":[],"status":"passed","title":"should validate IPv4 addresses"},{"ancestorTitles":["Validation Utilities","validateIpAddress"],"duration":0,"failureDetails":[],"failureMessages":[],"fullName":"Validation Utilities validateIpAddress should validate IPv6 addresses","invocations":1,"location":null,"numPassingAsserts":1,"retryReasons":[],"status":"passed","title":"should validate IPv6 addresses"},{"ancestorTitles":["Validation Utilities","validateIpAddress"],"duration":1,"failureDetails":[],"failureMessages":[],"fullName":"Validation Utilities validateIpAddress should reject invalid IPs","invocations":1,"location":null,"numPassingAsserts":2,"retryReasons":[],"status":"passed","title":"should reject invalid IPs"},{"ancestorTitles":["Validation Utilities","sanitizeString"],"duration":0,"failureDetails":[],"failureMessages":[],"fullName":"Validation Utilities sanitizeString should trim and remove control characters","invocations":1,"location":null,"numPassingAsserts":1,"retryReasons":[],"status":"passed","title":"should trim and remove control characters"},{"ancestorTitles":["Validation Utilities","sanitizeString"],"duration":1,"failureDetails":[],"failureMessages":[],"fullName":"Validation Utilities sanitizeString should apply max length","invocations":1,"location":null,"numPassingAsserts":1,"retryReasons":[],"status":"passed","title":"should apply max length"},{"ancestorTitles":["Validation Utilities","sanitizeString"],"duration":0,"failureDetails":[],"failureMessages":[],"fullName":"Validation Utilities sanitizeString should allow HTML when specified","invocations":1,"location":null,"numPassingAsserts":2,"retryReasons":[],"status":"passed","title":"should allow HTML when specified"},{"ancestorTitles":["Validation Utilities","validateDuplicateReport"],"duration":2,"failureDetails":[],"failureMessages":[],"fullName":"Validation Utilities validateDuplicateReport should pass validation for unique school name","invocations":1,"location":null,"numPassingAsserts":1,"retryReasons":[],"status":"passed","title":"should pass validation for unique school name"},{"ancestorTitles":["Validation Utilities","validateDuplicateReport"],"duration":2,"failureDetails":[],"failureMessages":[],"fullName":"Validation Utilities validateDuplicateReport should fail validation for duplicate school name","invocations":1,"location":null,"numPassingAsserts":2,"retryReasons":[],"status":"passed","title":"should fail validation for duplicate school name"},{"ancestorTitles":["Validation Utilities","validateFileUpload"],"duration":0,"failureDetails":[],"failureMessages":[],"fullName":"Validation Utilities validateFileUpload should validate correct file upload","invocations":1,"location":null,"numPassingAsserts":1,"retryReasons":[],"status":"passed","title":"should validate correct file upload"},{"ancestorTitles":["Validation Utilities","validateFileUpload"],"duration":1,"failureDetails":[],"failureMessages":[],"fullName":"Validation Utilities validateFileUpload should reject invalid file type","invocations":1,"location":null,"numPassingAsserts":2,"retryReasons":[],"status":"passed","title":"should reject invalid file type"},{"ancestorTitles":["Validation Utilities","validateFileUpload"],"duration":1,"failureDetails":[],"failureMessages":[],"fullName":"Validation Utilities validateFileUpload should reject oversized file","invocations":1,"location":null,"numPassingAsserts":2,"retryReasons":[],"status":"passed","title":"should reject oversized file"},{"ancestorTitles":["Validation Utilities","formatValidationError"],"duration":2,"failureDetails":[],"failureMessages":[],"fullName":"Validation Utilities formatValidationError should format Joi errors","invocations":1,"location":null,"numPassingAsserts":2,"retryReasons":[],"status":"passed","title":"should format Joi errors"},{"ancestorTitles":["Validation Utilities","createValidationResult"],"duration":2,"failureDetails":[],"failureMessages":[],"fullName":"Validation Utilities createValidationResult should create valid result","invocations":1,"location":null,"numPassingAsserts":3,"retryReasons":[],"status":"passed","title":"should create valid result"},{"ancestorTitles":["Validation Utilities","createValidationResult"],"duration":0,"failureDetails":[],"failureMessages":[],"fullName":"Validation Utilities createValidationResult should create invalid result","invocations":1,"location":null,"numPassingAsserts":3,"retryReasons":[],"status":"passed","title":"should create invalid result"},{"ancestorTitles":["Validation Utilities","ID validation"],"duration":0,"failureDetails":[],"failureMessages":[],"fullName":"Validation Utilities ID validation validateReportId should validate report IDs","invocations":1,"location":null,"numPassingAsserts":3,"retryReasons":[],"status":"passed","title":"validateReportId should validate report IDs"},{"ancestorTitles":["Validation Utilities","ID validation"],"duration":1,"failureDetails":[],"failureMessages":[],"fullName":"Validation Utilities ID validation validateFileId should validate file IDs","invocations":1,"location":null,"numPassingAsserts":3,"retryReasons":[],"status":"passed","title":"validateFileId should validate file IDs"},{"ancestorTitles":["Validation Utilities","ID validation"],"duration":0,"failureDetails":[],"failureMessages":[],"fullName":"Validation Utilities ID validation validateDriveFileId should validate Drive file IDs","invocations":1,"location":null,"numPassingAsserts":2,"retryReasons":[],"status":"passed","title":"validateDriveFileId should validate Drive file IDs"},{"ancestorTitles":["Validation Utilities","ID validation"],"duration":0,"failureDetails":[],"failureMessages":[],"fullName":"Validation Utilities ID validation validateSpreadsheetId should validate spreadsheet IDs","invocations":1,"location":null,"numPassingAsserts":2,"retryReasons":[],"status":"passed","title":"validateSpreadsheetId should validate spreadsheet IDs"},{"ancestorTitles":["Validation Utilities","JSON utilities"],"duration":1,"failureDetails":[],"failureMessages":[],"fullName":"Validation Utilities JSON utilities validateJsonString should validate JSON","invocations":1,"location":null,"numPassingAsserts":2,"retryReasons":[],"status":"passed","title":"validateJsonString should validate JSON"},{"ancestorTitles":["Validation Utilities","JSON utilities"],"duration":0,"failureDetails":[],"failureMessages":[],"fullName":"Validation Utilities JSON utilities safeJsonParse should parse valid JSON","invocations":1,"location":null,"numPassingAsserts":1,"retryReasons":[],"status":"passed","title":"safeJsonParse should parse valid JSON"},{"ancestorTitles":["Validation Utilities","JSON utilities"],"duration":10,"failureDetails":[],"failureMessages":[],"fullName":"Validation Utilities JSON utilities safeJsonParse should return default for invalid JSON","invocations":1,"location":null,"numPassingAsserts":2,"retryReasons":[],"status":"passed","title":"safeJsonParse should return default for invalid JSON"}],"endTime":1759596665912,"message":"","name":"C:\\Repos\\UnlicesnsedDrivingSchool\\tests\\unit\\utils\\validation.test.js","startTime":1759596663452,"status":"passed","summary":""},{"assertionResults":[{"ancestorTitles":["Report Service","createReport"],"duration":73,"failureDetails":[],"failureMessages":[],"fullName":"Report Service createReport should create a report successfully","invocations":1,"location":null,"numPassingAsserts":5,"retryReasons":[],"status":"passed","title":"should create a report successfully"},{"ancestorTitles":["Report Service","createReport"],"duration":88,"failureDetails":[],"failureMessages":[],"fullName":"Report Service createReport should throw error for missing school name","invocations":1,"location":null,"numPassingAsserts":1,"retryReasons":[],"status":"passed","title":"should throw error for missing school name"},{"ancestorTitles":["Report Service","createReport"],"duration":24,"failureDetails":[],"failureMessages":[],"fullName":"Report Service createReport should throw error for duplicate school name","invocations":1,"location":null,"numPassingAsserts":1,"retryReasons":[],"status":"passed","title":"should throw error for duplicate school name"},{"ancestorTitles":["Report Service","createReport"],"duration":5,"failureDetails":[],"failureMessages":[],"fullName":"Report Service createReport should handle Google Sheets API errors","invocations":1,"location":null,"numPassingAsserts":1,"retryReasons":[],"status":"passed","title":"should handle Google Sheets API errors"},{"ancestorTitles":["Report Service","getReports"],"duration":24,"failureDetails":[],"failureMessages":[],"fullName":"Report Service getReports should return paginated reports successfully","invocations":1,"location":null,"numPassingAsserts":7,"retryReasons":[],"status":"passed","title":"should return paginated reports successfully"},{"ancestorTitles":["Report Service","getReports"],"duration":47,"failureDetails":[],"failureMessages":[],"fullName":"Report Service getReports should filter reports by status","invocations":1,"location":null,"numPassingAsserts":2,"retryReasons":[],"status":"passed","title":"should filter reports by status"},{"ancestorTitles":["Report Service","getReports"],"duration":36,"failureDetails":[],"failureMessages":[],"fullName":"Report Service getReports should filter reports by search term","invocations":1,"location":null,"numPassingAsserts":2,"retryReasons":[],"status":"passed","title":"should filter reports by search term"},{"ancestorTitles":["Report Service","getReports"],"duration":55,"failureDetails":[],"failureMessages":[],"fullName":"Report Service getReports should sort reports correctly","invocations":1,"location":null,"numPassingAsserts":4,"retryReasons":[],"status":"passed","title":"should sort reports correctly"},{"ancestorTitles":["Report Service","getReports"],"duration":394,"failureDetails":[],"failureMessages":[],"fullName":"Report Service getReports should handle pagination correctly","invocations":1,"location":null,"numPassingAsserts":10,"retryReasons":[],"status":"passed","title":"should handle pagination correctly"},{"ancestorTitles":["Report Service","getReports"],"duration":3,"failureDetails":[],"failureMessages":[],"fullName":"Report Service getReports should handle Google Sheets API errors","invocations":1,"location":null,"numPassingAsserts":1,"retryReasons":[],"status":"passed","title":"should handle Google Sheets API errors"},{"ancestorTitles":["Report Service","getReports"],"duration":7,"failureDetails":[],"failureMessages":[],"fullName":"Report Service getReports should remove sensitive fields for public access","invocations":1,"location":null,"numPassingAsserts":4,"retryReasons":[],"status":"passed","title":"should remove sensitive fields for public access"},{"ancestorTitles":["Report Service","getReportById"],"duration":7,"failureDetails":[],"failureMessages":[],"fullName":"Report Service getReportById should return report by ID successfully","invocations":1,"location":null,"numPassingAsserts":3,"retryReasons":[],"status":"passed","title":"should return report by ID successfully"},{"ancestorTitles":["Report Service","getReportById"],"duration":8,"failureDetails":[],"failureMessages":[],"fullName":"Report Service getReportById should return report with admin fields when requested","invocations":1,"location":null,"numPassingAsserts":3,"retryReasons":[],"status":"passed","title":"should return report with admin fields when requested"},{"ancestorTitles":["Report Service","getReportById"],"duration":1,"failureDetails":[],"failureMessages":[],"fullName":"Report Service getReportById should return null for non-existent report","invocations":1,"location":null,"numPassingAsserts":1,"retryReasons":[],"status":"passed","title":"should return null for non-existent report"},{"ancestorTitles":["Report Service","getReportById"],"duration":3,"failureDetails":[],"failureMessages":[],"fullName":"Report Service getReportById should handle Google Sheets API errors","invocations":1,"location":null,"numPassingAsserts":1,"retryReasons":[],"status":"passed","title":"should handle Google Sheets API errors"},{"ancestorTitles":["Report Service","updateReportStatus"],"duration":29,"failureDetails":[],"failureMessages":[],"fullName":"Report Service updateReportStatus should update report status successfully","invocations":1,"location":null,"numPassingAsserts":3,"retryReasons":[],"status":"passed","title":"should update report status successfully"},{"ancestorTitles":["Report Service","updateReportStatus"],"duration":3,"failureDetails":[],"failureMessages":[],"fullName":"Report Service updateReportStatus should throw error for non-existent report","invocations":1,"location":null,"numPassingAsserts":1,"retryReasons":[],"status":"passed","title":"should throw error for non-existent report"},{"ancestorTitles":["Report Service","updateReportStatus"],"duration":24,"failureDetails":[],"failureMessages":[],"fullName":"Report Service updateReportStatus should throw error for invalid status","invocations":1,"location":null,"numPassingAsserts":1,"retryReasons":[],"status":"passed","title":"should throw error for invalid status"},{"ancestorTitles":["Report Service","updateReportStatus"],"duration":19,"failureDetails":[],"failureMessages":[],"fullName":"Report Service updateReportStatus should handle Google Sheets API errors","invocations":1,"location":null,"numPassingAsserts":1,"retryReasons":[],"status":"passed","title":"should handle Google Sheets API errors"},{"ancestorTitles":["Report Service","getAllReports"],"duration":14,"failureDetails":[],"failureMessages":[],"fullName":"Report Service getAllReports should return all reports successfully","invocations":1,"location":null,"numPassingAsserts":4,"retryReasons":[],"status":"passed","title":"should return all reports successfully"},{"ancestorTitles":["Report Service","getAllReports"],"duration":2,"failureDetails":[],"failureMessages":[],"fullName":"Report Service getAllReports should handle Google Sheets API errors","invocations":1,"location":null,"numPassingAsserts":1,"retryReasons":[],"status":"passed","title":"should handle Google Sheets API errors"},{"ancestorTitles":["Report Service","checkRateLimit"],"duration":9,"failureDetails":[],"failureMessages":[],"fullName":"Report Service checkRateLimit should return false when under rate limit","invocations":1,"location":null,"numPassingAsserts":1,"retryReasons":[],"status":"passed","title":"should return false when under rate limit"},{"ancestorTitles":["Report Service","checkRateLimit"],"duration":50,"failureDetails":[],"failureMessages":[],"fullName":"Report Service checkRateLimit should return true when over rate limit","invocations":1,"location":null,"numPassingAsserts":1,"retryReasons":[],"status":"passed","title":"should return true when over rate limit"},{"ancestorTitles":["Report Service","checkRateLimit"],"duration":3,"failureDetails":[],"failureMessages":[],"fullName":"Report Service checkRateLimit should return false when Google Sheets API fails","invocations":1,"location":null,"numPassingAsserts":1,"retryReasons":[],"status":"passed","title":"should return false when Google Sheets API fails"},{"ancestorTitles":["Report Service","checkRateLimit"],"duration":1,"failureDetails":[],"failureMessages":[],"fullName":"Report Service checkRateLimit should handle empty reports array","invocations":1,"location":null,"numPassingAsserts":1,"retryReasons":[],"status":"passed","title":"should handle empty reports array"}],"endTime":1759596666610,"message":"","name":"C:\\Repos\\UnlicesnsedDrivingSchool\\tests\\unit\\services\\reportService.test.js","startTime":1759596663258,"status":"passed","summary":""},{"assertionResults":[{"ancestorTitles":["File Model","constructor and validation"],"duration":43,"failureDetails":[],"failureMessages":[],"fullName":"File Model constructor and validation should create a valid file","invocations":1,"location":null,"numPassingAsserts":7,"retryReasons":[],"status":"passed","title":"should create a valid file"},{"ancestorTitles":["File Model","constructor and validation"],"duration":43,"failureDetails":[],"failureMessages":[],"fullName":"File Model constructor and validation should throw error for invalid data","invocations":1,"location":null,"numPassingAsserts":1,"retryReasons":[],"status":"passed","title":"should throw error for invalid data"},{"ancestorTitles":["File Model","generateId"],"duration":1,"failureDetails":[],"failureMessages":[],"fullName":"File Model generateId should generate valid file ID format","invocations":1,"location":null,"numPassingAsserts":1,"retryReasons":[],"status":"passed","title":"should generate valid file ID format"},{"ancestorTitles":["File Model","validateUploadParams"],"duration":2,"failureDetails":[],"failureMessages":[],"fullName":"File Model validateUploadParams should validate valid upload parameters","invocations":1,"location":null,"numPassingAsserts":2,"retryReasons":[],"status":"passed","title":"should validate valid upload parameters"},{"ancestorTitles":["File Model","validateUploadParams"],"duration":1,"failureDetails":[],"failureMessages":[],"fullName":"File Model validateUploadParams should reject invalid file buffer","invocations":1,"location":null,"numPassingAsserts":2,"retryReasons":[],"status":"passed","title":"should reject invalid file buffer"},{"ancestorTitles":["File Model","validateUploadParams"],"duration":0,"failureDetails":[],"failureMessages":[],"fullName":"File Model validateUploadParams should reject unsupported MIME type","invocations":1,"location":null,"numPassingAsserts":2,"retryReasons":[],"status":"passed","title":"should reject unsupported MIME type"},{"ancestorTitles":["File Model","validateUploadParams"],"duration":1,"failureDetails":[],"failureMessages":[],"fullName":"File Model validateUploadParams should reject file too large","invocations":1,"location":null,"numPassingAsserts":2,"retryReasons":[],"status":"passed","title":"should reject file too large"},{"ancestorTitles":["File Model","create"],"duration":57,"failureDetails":[],"failureMessages":[],"fullName":"File Model create should create file with generated ID and timestamps","invocations":1,"location":null,"numPassingAsserts":8,"retryReasons":[],"status":"passed","title":"should create file with generated ID and timestamps"},{"ancestorTitles":["File Model","URL generation"],"duration":1,"failureDetails":[],"failureMessages":[],"fullName":"File Model URL generation should generate public URL","invocations":1,"location":null,"numPassingAsserts":1,"retryReasons":[],"status":"passed","title":"should generate public URL"},{"ancestorTitles":["File Model","URL generation"],"duration":0,"failureDetails":[],"failureMessages":[],"fullName":"File Model URL generation should generate thumbnail URL","invocations":1,"location":null,"numPassingAsserts":1,"retryReasons":[],"status":"passed","title":"should generate thumbnail URL"},{"ancestorTitles":["File Model","file type methods"],"duration":9,"failureDetails":[],"failureMessages":[],"fullName":"File Model file type methods should identify image files","invocations":1,"location":null,"numPassingAsserts":4,"retryReasons":[],"status":"passed","title":"should identify image files"},{"ancestorTitles":["File Model","file type methods"],"duration":7,"failureDetails":[],"failureMessages":[],"fullName":"File Model file type methods should identify video files","invocations":1,"location":null,"numPassingAsserts":4,"retryReasons":[],"status":"passed","title":"should identify video files"},{"ancestorTitles":["File Model","updateProcessingStatus"],"duration":3,"failureDetails":[],"failureMessages":[],"fullName":"File Model updateProcessingStatus should update processing status","invocations":1,"location":null,"numPassingAsserts":2,"retryReasons":[],"status":"passed","title":"should update processing status"},{"ancestorTitles":["File Model","updateProcessingStatus"],"duration":2,"failureDetails":[],"failureMessages":[],"fullName":"File Model updateProcessingStatus should throw error for invalid status","invocations":1,"location":null,"numPassingAsserts":1,"retryReasons":[],"status":"passed","title":"should throw error for invalid status"},{"ancestorTitles":["File Model","getters"],"duration":1,"failureDetails":[],"failureMessages":[],"fullName":"File Model getters should return supported MIME types","invocations":1,"location":null,"numPassingAsserts":3,"retryReasons":[],"status":"passed","title":"should return supported MIME types"},{"ancestorTitles":["File Model","getters"],"duration":0,"failureDetails":[],"failureMessages":[],"fullName":"File Model getters should return processing status enum","invocations":1,"location":null,"numPassingAsserts":2,"retryReasons":[],"status":"passed","title":"should return processing status enum"},{"ancestorTitles":["File Model","getters"],"duration":1,"failureDetails":[],"failureMessages":[],"fullName":"File Model getters should return max file size","invocations":1,"location":null,"numPassingAsserts":1,"retryReasons":[],"status":"passed","title":"should return max file size"}],"endTime":1759596666901,"message":"","name":"C:\\Repos\\UnlicesnsedDrivingSchool\\tests\\unit\\models\\File.test.js","startTime":1759596663376,"status":"passed","summary":""},{"assertionResults":[{"ancestorTitles":["File Validation Middleware","validateFileUpload"],"duration":156,"failureDetails":[],"failureMessages":[],"fullName":"File Validation Middleware validateFileUpload should call next() for valid upload request","invocations":1,"location":null,"numPassingAsserts":3,"retryReasons":[],"status":"passed","title":"should call next() for valid upload request"},{"ancestorTitles":["File Validation Middleware","validateFileUpload"],"duration":4,"failureDetails":[],"failureMessages":[],"fullName":"File Validation Middleware validateFileUpload should return 400 if reportId is missing","invocations":1,"location":null,"numPassingAsserts":3,"retryReasons":[],"status":"passed","title":"should return 400 if reportId is missing"},{"ancestorTitles":["File Validation Middleware","validateFileUpload"],"duration":2,"failureDetails":[],"failureMessages":[],"fullName":"File Validation Middleware validateFileUpload should return 400 if reportId format is invalid","invocations":1,"location":null,"numPassingAsserts":3,"retryReasons":[],"status":"passed","title":"should return 400 if reportId format is invalid"},{"ancestorTitles":["File Validation Middleware","validateFileUpload"],"duration":2,"failureDetails":[],"failureMessages":[],"fullName":"File Validation Middleware validateFileUpload should return 400 if no files are provided","invocations":1,"location":null,"numPassingAsserts":3,"retryReasons":[],"status":"passed","title":"should return 400 if no files are provided"},{"ancestorTitles":["File Validation Middleware","validateFileUpload"],"duration":5,"failureDetails":[],"failureMessages":[],"fullName":"File Validation Middleware validateFileUpload should return 400 if file validation fails","invocations":1,"location":null,"numPassingAsserts":3,"retryReasons":[],"status":"passed","title":"should return 400 if file validation fails"},{"ancestorTitles":["File Validation Middleware","validateFileUpload"],"duration":35,"failureDetails":[],"failureMessages":[],"fullName":"File Validation Middleware validateFileUpload should handle validation errors gracefully","invocations":1,"location":null,"numPassingAsserts":3,"retryReasons":[],"status":"passed","title":"should handle validation errors gracefully"},{"ancestorTitles":["File Validation Middleware","validateFileId"],"duration":1,"failureDetails":[],"failureMessages":[],"fullName":"File Validation Middleware validateFileId should call next() for valid file ID","invocations":1,"location":null,"numPassingAsserts":2,"retryReasons":[],"status":"passed","title":"should call next() for valid file ID"},{"ancestorTitles":["File Validation Middleware","validateFileId"],"duration":1,"failureDetails":[],"failureMessages":[],"fullName":"File Validation Middleware validateFileId should return 400 if file ID is missing","invocations":1,"location":null,"numPassingAsserts":3,"retryReasons":[],"status":"passed","title":"should return 400 if file ID is missing"},{"ancestorTitles":["File Validation Middleware","validateFileId"],"duration":1,"failureDetails":[],"failureMessages":[],"fullName":"File Validation Middleware validateFileId should return 400 if file ID format is invalid","invocations":1,"location":null,"numPassingAsserts":3,"retryReasons":[],"status":"passed","title":"should return 400 if file ID format is invalid"},{"ancestorTitles":["File Validation Middleware","validateReportId"],"duration":1,"failureDetails":[],"failureMessages":[],"fullName":"File Validation Middleware validateReportId should call next() for valid report ID","invocations":1,"location":null,"numPassingAsserts":2,"retryReasons":[],"status":"passed","title":"should call next() for valid report ID"},{"ancestorTitles":["File Validation Middleware","validateReportId"],"duration":1,"failureDetails":[],"failureMessages":[],"fullName":"File Validation Middleware validateReportId should return 400 if report ID is missing","invocations":1,"location":null,"numPassingAsserts":3,"retryReasons":[],"status":"passed","title":"should return 400 if report ID is missing"},{"ancestorTitles":["File Validation Middleware","validateReportId"],"duration":1,"failureDetails":[],"failureMessages":[],"fullName":"File Validation Middleware validateReportId should return 400 if report ID format is invalid","invocations":1,"location":null,"numPassingAsserts":3,"retryReasons":[],"status":"passed","title":"should return 400 if report ID format is invalid"},{"ancestorTitles":["File Validation Middleware","validateStatusUpdate"],"duration":41,"failureDetails":[],"failureMessages":[],"fullName":"File Validation Middleware validateStatusUpdate should call next() for valid status","invocations":1,"location":null,"numPassingAsserts":2,"retryReasons":[],"status":"passed","title":"should call next() for valid status"},{"ancestorTitles":["File Validation Middleware","validateStatusUpdate"],"duration":10,"failureDetails":[],"failureMessages":[],"fullName":"File Validation Middleware validateStatusUpdate should return 400 if status is missing","invocations":1,"location":null,"numPassingAsserts":3,"retryReasons":[],"status":"passed","title":"should return 400 if status is missing"},{"ancestorTitles":["File Validation Middleware","validateStatusUpdate"],"duration":2,"failureDetails":[],"failureMessages":[],"fullName":"File Validation Middleware validateStatusUpdate should return 400 if status is invalid","invocations":1,"location":null,"numPassingAsserts":3,"retryReasons":[],"status":"passed","title":"should return 400 if status is invalid"},{"ancestorTitles":["File Validation Middleware","handleFileErrors"],"duration":3,"failureDetails":[],"failureMessages":[],"fullName":"File Validation Middleware handleFileErrors should handle LIMIT_FILE_SIZE error","invocations":1,"location":null,"numPassingAsserts":3,"retryReasons":[],"status":"passed","title":"should handle LIMIT_FILE_SIZE error"},{"ancestorTitles":["File Validation Middleware","handleFileErrors"],"duration":1,"failureDetails":[],"failureMessages":[],"fullName":"File Validation Middleware handleFileErrors should handle LIMIT_FILE_COUNT error","invocations":1,"location":null,"numPassingAsserts":3,"retryReasons":[],"status":"passed","title":"should handle LIMIT_FILE_COUNT error"},{"ancestorTitles":["File Validation Middleware","handleFileErrors"],"duration":1,"failureDetails":[],"failureMessages":[],"fullName":"File Validation Middleware handleFileErrors should handle LIMIT_UNEXPECTED_FILE error","invocations":1,"location":null,"numPassingAsserts":3,"retryReasons":[],"status":"passed","title":"should handle LIMIT_UNEXPECTED_FILE error"},{"ancestorTitles":["File Validation Middleware","handleFileErrors"],"duration":1,"failureDetails":[],"failureMessages":[],"fullName":"File Validation Middleware handleFileErrors should handle validation errors","invocations":1,"location":null,"numPassingAsserts":3,"retryReasons":[],"status":"passed","title":"should handle validation errors"},{"ancestorTitles":["File Validation Middleware","handleFileErrors"],"duration":2,"failureDetails":[],"failureMessages":[],"fullName":"File Validation Middleware handleFileErrors should handle Google Drive API errors","invocations":1,"location":null,"numPassingAsserts":3,"retryReasons":[],"status":"passed","title":"should handle Google Drive API errors"},{"ancestorTitles":["File Validation Middleware","handleFileErrors"],"duration":2,"failureDetails":[],"failureMessages":[],"fullName":"File Validation Middleware handleFileErrors should handle rate limit errors","invocations":1,"location":null,"numPassingAsserts":3,"retryReasons":[],"status":"passed","title":"should handle rate limit errors"},{"ancestorTitles":["File Validation Middleware","handleFileErrors"],"duration":1,"failureDetails":[],"failureMessages":[],"fullName":"File Validation Middleware handleFileErrors should handle generic errors","invocations":1,"location":null,"numPassingAsserts":3,"retryReasons":[],"status":"passed","title":"should handle generic errors"}],"endTime":1759596666979,"message":"","name":"C:\\Repos\\UnlicesnsedDrivingSchool\\tests\\unit\\middleware\\fileValidation.test.js","startTime":1759596663418,"status":"passed","summary":""},{"assertionResults":[{"ancestorTitles":["File Service","uploadFile"],"duration":37,"failureDetails":[],"failureMessages":[],"fullName":"File Service uploadFile should upload file successfully","invocations":1,"location":null,"numPassingAsserts":7,"retryReasons":[],"status":"passed","title":"should upload file successfully"},{"ancestorTitles":["File Service","uploadFile"],"duration":36,"failureDetails":[],"failureMessages":[],"fullName":"File Service uploadFile should throw error for invalid upload parameters","invocations":1,"location":null,"numPassingAsserts":1,"retryReasons":[],"status":"passed","title":"should throw error for invalid upload parameters"},{"ancestorTitles":["File Service","uploadFile"],"duration":4,"failureDetails":[],"failureMessages":[],"fullName":"File Service uploadFile should throw error when local file upload fails","invocations":1,"location":null,"numPassingAsserts":1,"retryReasons":[],"status":"passed","title":"should throw error when local file upload fails"},{"ancestorTitles":["File Service","uploadFile"],"duration":5,"failureDetails":[],"failureMessages":[],"fullName":"File Service uploadFile should throw error when business rules validation fails","invocations":1,"location":null,"numPassingAsserts":1,"retryReasons":[],"status":"passed","title":"should throw error when business rules validation fails"},{"ancestorTitles":["File Service","getFileById"],"duration":3,"failureDetails":[],"failureMessages":[],"fullName":"File Service getFileById should return file when found","invocations":1,"location":null,"numPassingAsserts":3,"retryReasons":[],"status":"passed","title":"should return file when found"},{"ancestorTitles":["File Service","getFileById"],"duration":1,"failureDetails":[],"failureMessages":[],"fullName":"File Service getFileById should return null when file not found","invocations":1,"location":null,"numPassingAsserts":1,"retryReasons":[],"status":"passed","title":"should return null when file not found"},{"ancestorTitles":["File Service","getFilesByReportId"],"duration":13,"failureDetails":[],"failureMessages":[],"fullName":"File Service getFilesByReportId should return files for report","invocations":1,"location":null,"numPassingAsserts":4,"retryReasons":[],"status":"passed","title":"should return files for report"},{"ancestorTitles":["File Service","updateFileProcessingStatus"],"duration":3,"failureDetails":[],"failureMessages":[],"fullName":"File Service updateFileProcessingStatus should update file status successfully","invocations":1,"location":null,"numPassingAsserts":3,"retryReasons":[],"status":"passed","title":"should update file status successfully"},{"ancestorTitles":["File Service","updateFileProcessingStatus"],"duration":1,"failureDetails":[],"failureMessages":[],"fullName":"File Service updateFileProcessingStatus should throw error when file not found","invocations":1,"location":null,"numPassingAsserts":1,"retryReasons":[],"status":"passed","title":"should throw error when file not found"},{"ancestorTitles":["File Service","validateFileUpload"],"duration":1,"failureDetails":[],"failureMessages":[],"fullName":"File Service validateFileUpload should return valid for correct file","invocations":1,"location":null,"numPassingAsserts":3,"retryReasons":[],"status":"passed","title":"should return valid for correct file"},{"ancestorTitles":["File Service","validateFileUpload"],"duration":1,"failureDetails":[],"failureMessages":[],"fullName":"File Service validateFileUpload should return invalid for oversized file","invocations":1,"location":null,"numPassingAsserts":2,"retryReasons":[],"status":"passed","title":"should return invalid for oversized file"},{"ancestorTitles":["File Service","validateFileUpload"],"duration":2,"failureDetails":[],"failureMessages":[],"fullName":"File Service validateFileUpload should return invalid for unsupported file type","invocations":1,"location":null,"numPassingAsserts":2,"retryReasons":[],"status":"passed","title":"should return invalid for unsupported file type"},{"ancestorTitles":["File Service","validateFileUpload"],"duration":5,"failureDetails":[],"failureMessages":[],"fullName":"File Service validateFileUpload should return invalid when too many files for report","invocations":1,"location":null,"numPassingAsserts":2,"retryReasons":[],"status":"passed","title":"should return invalid when too many files for report"},{"ancestorTitles":["File Service","processBase64File"],"duration":2,"failureDetails":[],"failureMessages":[],"fullName":"File Service processBase64File should process base64 data without prefix","invocations":1,"location":null,"numPassingAsserts":2,"retryReasons":[],"status":"passed","title":"should process base64 data without prefix"},{"ancestorTitles":["File Service","processBase64File"],"duration":10,"failureDetails":[],"failureMessages":[],"fullName":"File Service processBase64File should process base64 data with data URL prefix","invocations":1,"location":null,"numPassingAsserts":2,"retryReasons":[],"status":"passed","title":"should process base64 data with data URL prefix"},{"ancestorTitles":["File Service","processBase64File"],"duration":2,"failureDetails":[],"failureMessages":[],"fullName":"File Service processBase64File should throw error for invalid base64 data","invocations":1,"location":null,"numPassingAsserts":1,"retryReasons":[],"status":"passed","title":"should throw error for invalid base64 data"}],"endTime":1759596667061,"message":"","name":"C:\\Repos\\UnlicesnsedDrivingSchool\\tests\\unit\\services\\fileService.test.js","startTime":1759596663368,"status":"passed","summary":""},{"assertionResults":[{"ancestorTitles":["Reports API Routes","POST /api/reports"],"duration":124,"failureDetails":[],"failureMessages":[],"fullName":"Reports API Routes POST /api/reports should create a report successfully","invocations":1,"location":null,"numPassingAsserts":5,"retryReasons":[],"status":"passed","title":"should create a report successfully"},{"ancestorTitles":["Reports API Routes","POST /api/reports"],"duration":57,"failureDetails":[],"failureMessages":[],"fullName":"Reports API Routes POST /api/reports should create a report with file uploads","invocations":1,"location":null,"numPassingAsserts":4,"retryReasons":[],"status":"passed","title":"should create a report with file uploads"},{"ancestorTitles":["Reports API Routes","POST /api/reports"],"duration":25,"failureDetails":[],"failureMessages":[],"fullName":"Reports API Routes POST /api/reports should return 400 for missing school name","invocations":1,"location":null,"numPassingAsserts":2,"retryReasons":[],"status":"passed","title":"should return 400 for missing school name"},{"ancestorTitles":["Reports API Routes","POST /api/reports"],"duration":23,"failureDetails":[],"failureMessages":[],"fullName":"Reports API Routes POST /api/reports should return 429 for rate limit exceeded","invocations":1,"location":null,"numPassingAsserts":2,"retryReasons":[],"status":"passed","title":"should return 429 for rate limit exceeded"},{"ancestorTitles":["Reports API Routes","POST /api/reports"],"duration":22,"failureDetails":[],"failureMessages":[],"fullName":"Reports API Routes POST /api/reports should return 409 for duplicate school report","invocations":1,"location":null,"numPassingAsserts":2,"retryReasons":[],"status":"passed","title":"should return 409 for duplicate school report"},{"ancestorTitles":["Reports API Routes","POST /api/reports"],"duration":20,"failureDetails":[],"failureMessages":[],"fullName":"Reports API Routes POST /api/reports should return 400 for validation errors","invocations":1,"location":null,"numPassingAsserts":2,"retryReasons":[],"status":"passed","title":"should return 400 for validation errors"},{"ancestorTitles":["Reports API Routes","POST /api/reports"],"duration":29,"failureDetails":[],"failureMessages":[],"fullName":"Reports API Routes POST /api/reports should handle file upload errors gracefully","invocations":1,"location":null,"numPassingAsserts":2,"retryReasons":[],"status":"passed","title":"should handle file upload errors gracefully"},{"ancestorTitles":["Reports API Routes","GET /api/reports"],"duration":12,"failureDetails":[],"failureMessages":[],"fullName":"Reports API Routes GET /api/reports should return paginated reports successfully","invocations":1,"location":null,"numPassingAsserts":4,"retryReasons":[],"status":"passed","title":"should return paginated reports successfully"},{"ancestorTitles":["Reports API Routes","GET /api/reports"],"duration":17,"failureDetails":[],"failureMessages":[],"fullName":"Reports API Routes GET /api/reports should handle query parameters correctly","invocations":1,"location":null,"numPassingAsserts":2,"retryReasons":[],"status":"passed","title":"should handle query parameters correctly"},{"ancestorTitles":["Reports API Routes","GET /api/reports"],"duration":10,"failureDetails":[],"failureMessages":[],"fullName":"Reports API Routes GET /api/reports should handle service errors","invocations":1,"location":null,"numPassingAsserts":2,"retryReasons":[],"status":"passed","title":"should handle service errors"},{"ancestorTitles":["Reports API Routes","GET /api/reports/:id"],"duration":10,"failureDetails":[],"failureMessages":[],"fullName":"Reports API Routes GET /api/reports/:id should return a specific report successfully","invocations":1,"location":null,"numPassingAsserts":4,"retryReasons":[],"status":"passed","title":"should return a specific report successfully"},{"ancestorTitles":["Reports API Routes","GET /api/reports/:id"],"duration":18,"failureDetails":[],"failureMessages":[],"fullName":"Reports API Routes GET /api/reports/:id should return 404 for invalid ID format","invocations":1,"location":null,"numPassingAsserts":2,"retryReasons":[],"status":"passed","title":"should return 404 for invalid ID format"},{"ancestorTitles":["Reports API Routes","GET /api/reports/:id"],"duration":14,"failureDetails":[],"failureMessages":[],"fullName":"Reports API Routes GET /api/reports/:id should return 404 for non-existent report","invocations":1,"location":null,"numPassingAsserts":2,"retryReasons":[],"status":"passed","title":"should return 404 for non-existent report"},{"ancestorTitles":["Reports API Routes","GET /api/reports/:id"],"duration":9,"failureDetails":[],"failureMessages":[],"fullName":"Reports API Routes GET /api/reports/:id should handle service errors","invocations":1,"location":null,"numPassingAsserts":2,"retryReasons":[],"status":"passed","title":"should handle service errors"},{"ancestorTitles":["Reports API Routes","PUT /api/reports/:id/status"],"duration":11,"failureDetails":[],"failureMessages":[],"fullName":"Reports API Routes PUT /api/reports/:id/status should update report status successfully","invocations":1,"location":null,"numPassingAsserts":5,"retryReasons":[],"status":"passed","title":"should update report status successfully"},{"ancestorTitles":["Reports API Routes","PUT /api/reports/:id/status"],"duration":16,"failureDetails":[],"failureMessages":[],"fullName":"Reports API Routes PUT /api/reports/:id/status should return 404 for invalid report ID","invocations":1,"location":null,"numPassingAsserts":2,"retryReasons":[],"status":"passed","title":"should return 404 for invalid report ID"},{"ancestorTitles":["Reports API Routes","PUT /api/reports/:id/status"],"duration":10,"failureDetails":[],"failureMessages":[],"fullName":"Reports API Routes PUT /api/reports/:id/status should return 400 for missing status","invocations":1,"location":null,"numPassingAsserts":2,"retryReasons":[],"status":"passed","title":"should return 400 for missing status"},{"ancestorTitles":["Reports API Routes","PUT /api/reports/:id/status"],"duration":9,"failureDetails":[],"failureMessages":[],"fullName":"Reports API Routes PUT /api/reports/:id/status should return 400 for invalid status value","invocations":1,"location":null,"numPassingAsserts":2,"retryReasons":[],"status":"passed","title":"should return 400 for invalid status value"},{"ancestorTitles":["Reports API Routes","PUT /api/reports/:id/status"],"duration":10,"failureDetails":[],"failureMessages":[],"fullName":"Reports API Routes PUT /api/reports/:id/status should return 404 for non-existent report","invocations":1,"location":null,"numPassingAsserts":2,"retryReasons":[],"status":"passed","title":"should return 404 for non-existent report"},{"ancestorTitles":["Reports API Routes","PUT /api/reports/:id/status"],"duration":11,"failureDetails":[],"failureMessages":[],"fullName":"Reports API Routes PUT /api/reports/:id/status should handle audit service errors gracefully","invocations":1,"location":null,"numPassingAsserts":2,"retryReasons":[],"status":"passed","title":"should handle audit service errors gracefully"},{"ancestorTitles":["Reports API Routes","GET /api/reports/stats"],"duration":9,"failureDetails":[],"failureMessages":[],"fullName":"Reports API Routes GET /api/reports/stats should return report statistics successfully","invocations":1,"location":null,"numPassingAsserts":6,"retryReasons":[],"status":"passed","title":"should return report statistics successfully"},{"ancestorTitles":["Reports API Routes","GET /api/reports/stats"],"duration":8,"failureDetails":[],"failureMessages":[],"fullName":"Reports API Routes GET /api/reports/stats should handle service errors","invocations":1,"location":null,"numPassingAsserts":2,"retryReasons":[],"status":"passed","title":"should handle service errors"}],"endTime":1759596668292,"message":"","name":"C:\\Repos\\UnlicesnsedDrivingSchool\\tests\\unit\\routes\\reports.test.js","startTime":1759596663297,"status":"passed","summary":""},{"assertionResults":[{"ancestorTitles":["File Routes","POST /files/upload"],"duration":89,"failureDetails":[],"failureMessages":[],"fullName":"File Routes POST /files/upload should upload files successfully","invocations":1,"location":null,"numPassingAsserts":5,"retryReasons":[],"status":"passed","title":"should upload files successfully"},{"ancestorTitles":["File Routes","POST /files/upload"],"duration":20,"failureDetails":[],"failureMessages":[],"fullName":"File Routes POST /files/upload should return 400 if reportId is missing","invocations":1,"location":null,"numPassingAsserts":3,"retryReasons":[],"status":"passed","title":"should return 400 if reportId is missing"},{"ancestorTitles":["File Routes","POST /files/upload"],"duration":13,"failureDetails":[],"failureMessages":[],"fullName":"File Routes POST /files/upload should return 400 if no files are provided","invocations":1,"location":null,"numPassingAsserts":3,"retryReasons":[],"status":"passed","title":"should return 400 if no files are provided"},{"ancestorTitles":["File Routes","POST /files/upload"],"duration":19,"failureDetails":[],"failureMessages":[],"fullName":"File Routes POST /files/upload should return 400 if reportId format is invalid","invocations":1,"location":null,"numPassingAsserts":3,"retryReasons":[],"status":"passed","title":"should return 400 if reportId format is invalid"},{"ancestorTitles":["File Routes","POST /files/upload"],"duration":43,"failureDetails":[],"failureMessages":[],"fullName":"File Routes POST /files/upload should handle upload errors gracefully","invocations":1,"location":null,"numPassingAsserts":3,"retryReasons":[],"status":"passed","title":"should handle upload errors gracefully"},{"ancestorTitles":["File Routes","GET /files/:id"],"duration":12,"failureDetails":[],"failureMessages":[],"fullName":"File Routes GET /files/:id should get file by ID successfully","invocations":1,"location":null,"numPassingAsserts":5,"retryReasons":[],"status":"passed","title":"should get file by ID successfully"},{"ancestorTitles":["File Routes","GET /files/:id"],"duration":8,"failureDetails":[],"failureMessages":[],"fullName":"File Routes GET /files/:id should return 404 if file not found","invocations":1,"location":null,"numPassingAsserts":3,"retryReasons":[],"status":"passed","title":"should return 404 if file not found"},{"ancestorTitles":["File Routes","GET /files/:id"],"duration":13,"failureDetails":[],"failureMessages":[],"fullName":"File Routes GET /files/:id should return 400 if file ID format is invalid","invocations":1,"location":null,"numPassingAsserts":3,"retryReasons":[],"status":"passed","title":"should return 400 if file ID format is invalid"},{"ancestorTitles":["File Routes","GET /files/report/:reportId"],"duration":14,"failureDetails":[],"failureMessages":[],"fullName":"File Routes GET /files/report/:reportId should get files by report ID successfully","invocations":1,"location":null,"numPassingAsserts":5,"retryReasons":[],"status":"passed","title":"should get files by report ID successfully"},{"ancestorTitles":["File Routes","GET /files/report/:reportId"],"duration":9,"failureDetails":[],"failureMessages":[],"fullName":"File Routes GET /files/report/:reportId should return 400 if report ID format is invalid","invocations":1,"location":null,"numPassingAsserts":3,"retryReasons":[],"status":"passed","title":"should return 400 if report ID format is invalid"},{"ancestorTitles":["File Routes","GET /files"],"duration":9,"failureDetails":[],"failureMessages":[],"fullName":"File Routes GET /files should get all files successfully","invocations":1,"location":null,"numPassingAsserts":5,"retryReasons":[],"status":"passed","title":"should get all files successfully"},{"ancestorTitles":["File Routes","PUT /files/:id/status"],"duration":32,"failureDetails":[],"failureMessages":[],"fullName":"File Routes PUT /files/:id/status should update file status successfully","invocations":1,"location":null,"numPassingAsserts":4,"retryReasons":[],"status":"passed","title":"should update file status successfully"},{"ancestorTitles":["File Routes","PUT /files/:id/status"],"duration":9,"failureDetails":[],"failureMessages":[],"fullName":"File Routes PUT /files/:id/status should return 400 if status is missing","invocations":1,"location":null,"numPassingAsserts":3,"retryReasons":[],"status":"passed","title":"should return 400 if status is missing"},{"ancestorTitles":["File Routes","PUT /files/:id/status"],"duration":9,"failureDetails":[],"failureMessages":[],"fullName":"File Routes PUT /files/:id/status should return 400 if status is invalid","invocations":1,"location":null,"numPassingAsserts":3,"retryReasons":[],"status":"passed","title":"should return 400 if status is invalid"},{"ancestorTitles":["File Routes","PUT /files/:id/status"],"duration":9,"failureDetails":[],"failureMessages":[],"fullName":"File Routes PUT /files/:id/status should return 404 if file not found","invocations":1,"location":null,"numPassingAsserts":3,"retryReasons":[],"status":"passed","title":"should return 404 if file not found"}],"endTime":1759596669816,"message":"","name":"C:\\Repos\\UnlicesnsedDrivingSchool\\tests\\unit\\routes\\files.test.js","startTime":1759596663275,"status":"passed","summary":""},{"assertionResults":[{"ancestorTitles":["FileUpload Component","Rendering"],"duration":134,"failureDetails":[],"failureMessages":[],"fullName":"FileUpload Component Rendering should render upload area","invocations":1,"location":null,"numPassingAsserts":3,"retryReasons":[],"status":"passed","title":"should render upload area"},{"ancestorTitles":["FileUpload Component","Rendering"],"duration":15,"failureDetails":[],"failureMessages":[],"fullName":"FileUpload Component Rendering should show file count when files are selected","invocations":1,"location":null,"numPassingAsserts":1,"retryReasons":[],"status":"passed","title":"should show file count when files are selected"},{"ancestorTitles":["FileUpload Component","Rendering"],"duration":14,"failureDetails":[],"failureMessages":[],"fullName":"FileUpload Component Rendering should disable upload when no reportId provided","invocations":1,"location":null,"numPassingAsserts":1,"retryReasons":[],"status":"passed","title":"should disable upload when no reportId provided"},{"ancestorTitles":["FileUpload Component","File Selection"],"duration":109,"failureDetails":[],"failureMessages":[],"fullName":"FileUpload Component File Selection should handle file selection via browse button","invocations":1,"location":null,"numPassingAsserts":1,"retryReasons":[],"status":"passed","title":"should handle file selection via browse button"},{"ancestorTitles":["FileUpload Component","File Selection"],"duration":33,"failureDetails":[],"failureMessages":[],"fullName":"FileUpload Component File Selection should validate files on selection","invocations":1,"location":null,"numPassingAsserts":1,"retryReasons":[],"status":"passed","title":"should validate files on selection"},{"ancestorTitles":["FileUpload Component","File Upload"],"duration":103,"failureDetails":[],"failureMessages":[],"fullName":"FileUpload Component File Upload should upload files successfully","invocations":1,"location":null,"numPassingAsserts":3,"retryReasons":[],"status":"passed","title":"should upload files successfully"},{"ancestorTitles":["FileUpload Component","File Upload"],"duration":92,"failureDetails":[],"failureMessages":[],"fullName":"FileUpload Component File Upload should handle upload errors","invocations":1,"location":null,"numPassingAsserts":2,"retryReasons":[],"status":"passed","title":"should handle upload errors"},{"ancestorTitles":["FileUpload Component","File Upload"],"duration":70,"failureDetails":[],"failureMessages":[],"fullName":"FileUpload Component File Upload should show uploading state during upload","invocations":1,"location":null,"numPassingAsserts":3,"retryReasons":[],"status":"passed","title":"should show uploading state during upload"},{"ancestorTitles":["FileUpload Component","File Management"],"duration":56,"failureDetails":[],"failureMessages":[],"fullName":"FileUpload Component File Management should remove files when remove button is clicked","invocations":1,"location":null,"numPassingAsserts":2,"retryReasons":[],"status":"passed","title":"should remove files when remove button is clicked"},{"ancestorTitles":["FileUpload Component","File Management"],"duration":19,"failureDetails":[],"failureMessages":[],"fullName":"FileUpload Component File Management should display file information correctly","invocations":1,"location":null,"numPassingAsserts":3,"retryReasons":[],"status":"passed","title":"should display file information correctly"},{"ancestorTitles":["FileUpload Component","File Management"],"duration":18,"failureDetails":[],"failureMessages":[],"fullName":"FileUpload Component File Management should show error for invalid files","invocations":1,"location":null,"numPassingAsserts":2,"retryReasons":[],"status":"passed","title":"should show error for invalid files"},{"ancestorTitles":["FileUpload Component","Drag and Drop"],"duration":16,"failureDetails":[],"failureMessages":[],"fullName":"FileUpload Component Drag and Drop should handle file drop","invocations":1,"location":null,"numPassingAsserts":1,"retryReasons":[],"status":"passed","title":"should handle file drop"},{"ancestorTitles":["FileUpload Component","Accessibility"],"duration":6,"failureDetails":[],"failureMessages":[],"fullName":"FileUpload Component Accessibility should have proper ARIA attributes","invocations":1,"location":null,"numPassingAsserts":2,"retryReasons":[],"status":"passed","title":"should have proper ARIA attributes"},{"ancestorTitles":["FileUpload Component","Accessibility"],"duration":10,"failureDetails":[],"failureMessages":[],"fullName":"FileUpload Component Accessibility should disable component when disabled prop is true","invocations":1,"location":null,"numPassingAsserts":2,"retryReasons":[],"status":"passed","title":"should disable component when disabled prop is true"}],"endTime":1759596670607,"message":"","name":"C:\\Repos\\UnlicesnsedDrivingSchool\\tests\\unit\\components\\FileUpload.test.js","startTime":1759596665980,"status":"passed","summary":""},{"assertionResults":[{"ancestorTitles":["API Service","ApiClient.request"],"duration":21,"failureDetails":[],"failureMessages":[],"fullName":"API Service ApiClient.request should make successful GET request without auth","invocations":1,"location":null,"numPassingAsserts":2,"retryReasons":[],"status":"passed","title":"should make successful GET request without auth"},{"ancestorTitles":["API Service","ApiClient.request"],"duration":4,"failureDetails":[],"failureMessages":[],"fullName":"API Service ApiClient.request should make request with authentication header","invocations":1,"location":null,"numPassingAsserts":1,"retryReasons":[],"status":"passed","title":"should make request with authentication header"},{"ancestorTitles":["API Service","ApiClient.request"],"duration":2,"failureDetails":[],"failureMessages":[],"fullName":"API Service ApiClient.request should make POST request with body","invocations":1,"location":null,"numPassingAsserts":2,"retryReasons":[],"status":"passed","title":"should make POST request with body"},{"ancestorTitles":["API Service","ApiClient.request"],"duration":42,"failureDetails":[],"failureMessages":[],"fullName":"API Service ApiClient.request should handle HTTP error response","invocations":1,"location":null,"numPassingAsserts":1,"retryReasons":[],"status":"passed","title":"should handle HTTP error response"},{"ancestorTitles":["API Service","ApiClient.request"],"duration":6,"failureDetails":[],"failureMessages":[],"fullName":"API Service ApiClient.request should handle network error","invocations":1,"location":null,"numPassingAsserts":1,"retryReasons":[],"status":"passed","title":"should handle network error"},{"ancestorTitles":["API Service","ApiClient.request"],"duration":2,"failureDetails":[],"failureMessages":[],"fullName":"API Service ApiClient.request should handle malformed JSON response","invocations":1,"location":null,"numPassingAsserts":1,"retryReasons":[],"status":"passed","title":"should handle malformed JSON response"},{"ancestorTitles":["API Service","getReports"],"duration":2,"failureDetails":[],"failureMessages":[],"fullName":"API Service getReports should get reports with default parameters","invocations":1,"location":null,"numPassingAsserts":2,"retryReasons":[],"status":"passed","title":"should get reports with default parameters"},{"ancestorTitles":["API Service","getReports"],"duration":2,"failureDetails":[],"failureMessages":[],"fullName":"API Service getReports should get reports with custom parameters","invocations":1,"location":null,"numPassingAsserts":1,"retryReasons":[],"status":"passed","title":"should get reports with custom parameters"},{"ancestorTitles":["API Service","getReports"],"duration":2,"failureDetails":[],"failureMessages":[],"fullName":"API Service getReports should handle API error","invocations":1,"location":null,"numPassingAsserts":1,"retryReasons":[],"status":"passed","title":"should handle API error"},{"ancestorTitles":["API Service","submitReport"],"duration":1,"failureDetails":[],"failureMessages":[],"fullName":"API Service submitReport should submit report successfully","invocations":1,"location":null,"numPassingAsserts":2,"retryReasons":[],"status":"passed","title":"should submit report successfully"},{"ancestorTitles":["API Service","submitReport"],"duration":2,"failureDetails":[],"failureMessages":[],"fullName":"API Service submitReport should submit report with files","invocations":1,"location":null,"numPassingAsserts":1,"retryReasons":[],"status":"passed","title":"should submit report with files"},{"ancestorTitles":["API Service","submitReport"],"duration":2,"failureDetails":[],"failureMessages":[],"fullName":"API Service submitReport should handle submission error","invocations":1,"location":null,"numPassingAsserts":1,"retryReasons":[],"status":"passed","title":"should handle submission error"},{"ancestorTitles":["API Service","uploadFiles"],"duration":3,"failureDetails":[],"failureMessages":[],"fullName":"API Service uploadFiles should upload files successfully","invocations":1,"location":null,"numPassingAsserts":2,"retryReasons":[],"status":"passed","title":"should upload files successfully"},{"ancestorTitles":["API Service","uploadFiles"],"duration":2,"failureDetails":[],"failureMessages":[],"fullName":"API Service uploadFiles should handle upload error","invocations":1,"location":null,"numPassingAsserts":1,"retryReasons":[],"status":"passed","title":"should handle upload error"},{"ancestorTitles":["API Service","uploadBase64Files"],"duration":2,"failureDetails":[],"failureMessages":[],"fullName":"API Service uploadBase64Files should upload base64 files successfully","invocations":1,"location":null,"numPassingAsserts":1,"retryReasons":[],"status":"passed","title":"should upload base64 files successfully"},{"ancestorTitles":["API Service","uploadBase64Files"],"duration":3,"failureDetails":[],"failureMessages":[],"fullName":"API Service uploadBase64Files should handle base64 conversion error","invocations":1,"location":null,"numPassingAsserts":1,"retryReasons":[],"status":"passed","title":"should handle base64 conversion error"},{"ancestorTitles":["API Service","updateReportStatus"],"duration":1,"failureDetails":[],"failureMessages":[],"fullName":"API Service updateReportStatus should update report status successfully","invocations":1,"location":null,"numPassingAsserts":2,"retryReasons":[],"status":"passed","title":"should update report status successfully"},{"ancestorTitles":["API Service","updateReportStatus"],"duration":2,"failureDetails":[],"failureMessages":[],"fullName":"API Service updateReportStatus should handle status update error","invocations":1,"location":null,"numPassingAsserts":1,"retryReasons":[],"status":"passed","title":"should handle status update error"},{"ancestorTitles":["API Service","getAuditLogs"],"duration":3,"failureDetails":[],"failureMessages":[],"fullName":"API Service getAuditLogs should get audit logs with parameters","invocations":1,"location":null,"numPassingAsserts":2,"retryReasons":[],"status":"passed","title":"should get audit logs with parameters"},{"ancestorTitles":["API Service","getAuditLogs"],"duration":2,"failureDetails":[],"failureMessages":[],"fullName":"API Service getAuditLogs should handle audit logs error","invocations":1,"location":null,"numPassingAsserts":1,"retryReasons":[],"status":"passed","title":"should handle audit logs error"},{"ancestorTitles":["API Service","getConfiguration"],"duration":2,"failureDetails":[],"failureMessages":[],"fullName":"API Service getConfiguration should get configuration successfully","invocations":1,"location":null,"numPassingAsserts":2,"retryReasons":[],"status":"passed","title":"should get configuration successfully"},{"ancestorTitles":["API Service","getConfiguration"],"duration":3,"failureDetails":[],"failureMessages":[],"fullName":"API Service getConfiguration should handle configuration error","invocations":1,"location":null,"numPassingAsserts":1,"retryReasons":[],"status":"passed","title":"should handle configuration error"},{"ancestorTitles":["API Service","sendEmail"],"duration":5,"failureDetails":[],"failureMessages":[],"fullName":"API Service sendEmail should send email successfully","invocations":1,"location":null,"numPassingAsserts":2,"retryReasons":[],"status":"passed","title":"should send email successfully"},{"ancestorTitles":["API Service","sendEmail"],"duration":4,"failureDetails":[],"failureMessages":[],"fullName":"API Service sendEmail should handle email sending error","invocations":1,"location":null,"numPassingAsserts":1,"retryReasons":[],"status":"passed","title":"should handle email sending error"},{"ancestorTitles":["API Service","convertFileToBase64"],"duration":90,"failureDetails":[],"failureMessages":[],"fullName":"API Service convertFileToBase64 should convert file to base64 successfully","invocations":1,"location":null,"numPassingAsserts":4,"retryReasons":[],"status":"passed","title":"should convert file to base64 successfully"},{"ancestorTitles":["API Service","convertFileToBase64"],"duration":2,"failureDetails":[],"failureMessages":[],"fullName":"API Service convertFileToBase64 should handle file read error","invocations":1,"location":null,"numPassingAsserts":1,"retryReasons":[],"status":"passed","title":"should handle file read error"},{"ancestorTitles":["API Service","validateFileForUpload"],"duration":5,"failureDetails":[],"failureMessages":[],"fullName":"API Service validateFileForUpload should validate valid image file","invocations":1,"location":null,"numPassingAsserts":2,"retryReasons":[],"status":"passed","title":"should validate valid image file"},{"ancestorTitles":["API Service","validateFileForUpload"],"duration":5,"failureDetails":[],"failureMessages":[],"fullName":"API Service validateFileForUpload should validate valid PDF file","invocations":1,"location":null,"numPassingAsserts":2,"retryReasons":[],"status":"passed","title":"should validate valid PDF file"},{"ancestorTitles":["API Service","validateFileForUpload"],"duration":4,"failureDetails":[],"failureMessages":[],"fullName":"API Service validateFileForUpload should validate valid video file","invocations":1,"location":null,"numPassingAsserts":2,"retryReasons":[],"status":"passed","title":"should validate valid video file"},{"ancestorTitles":["API Service","validateFileForUpload"],"duration":20,"failureDetails":[],"failureMessages":[],"fullName":"API Service validateFileForUpload should reject file that is too large","invocations":1,"location":null,"numPassingAsserts":2,"retryReasons":[],"status":"passed","title":"should reject file that is too large"},{"ancestorTitles":["API Service","validateFileForUpload"],"duration":6,"failureDetails":[],"failureMessages":[],"fullName":"API Service validateFileForUpload should reject unsupported file type","invocations":1,"location":null,"numPassingAsserts":2,"retryReasons":[],"status":"passed","title":"should reject unsupported file type"},{"ancestorTitles":["API Service","validateFileForUpload"],"duration":1,"failureDetails":[],"failureMessages":[],"fullName":"API Service validateFileForUpload should reject file with zero size","invocations":1,"location":null,"numPassingAsserts":1,"retryReasons":[],"status":"passed","title":"should reject file with zero size"}],"endTime":1759596670844,"message":"","name":"C:\\Repos\\UnlicesnsedDrivingSchool\\tests\\unit\\services\\api.test.js","startTime":1759596667005,"status":"passed","summary":""},{"assertionResults":[{"ancestorTitles":["Gmail Service","sendEmail"],"duration":62,"failureDetails":[],"failureMessages":[],"fullName":"Gmail Service sendEmail should send email successfully","invocations":1,"location":null,"numPassingAsserts":2,"retryReasons":[],"status":"passed","title":"should send email successfully"},{"ancestorTitles":["Gmail Service","sendEmail"],"duration":10,"failureDetails":[],"failureMessages":[],"fullName":"Gmail Service sendEmail should send email with options","invocations":1,"location":null,"numPassingAsserts":1,"retryReasons":[],"status":"passed","title":"should send email with options"},{"ancestorTitles":["Gmail Service","sendEmail"],"duration":30,"failureDetails":[],"failureMessages":[],"fullName":"Gmail Service sendEmail should handle Gmail API errors","invocations":1,"location":null,"numPassingAsserts":1,"retryReasons":[],"status":"passed","title":"should handle Gmail API errors"},{"ancestorTitles":["Gmail Service","sendEmail"],"duration":7,"failureDetails":[],"failureMessages":[],"fullName":"Gmail Service sendEmail should validate email parameters","invocations":1,"location":null,"numPassingAsserts":3,"retryReasons":[],"status":"passed","title":"should validate email parameters"},{"ancestorTitles":["Gmail Service","sendTemplatedEmail"],"duration":4,"failureDetails":[],"failureMessages":[],"fullName":"Gmail Service sendTemplatedEmail should send templated email with variable substitution","invocations":1,"location":null,"numPassingAsserts":2,"retryReasons":[],"status":"passed","title":"should send templated email with variable substitution"},{"ancestorTitles":["Gmail Service","sendTemplatedEmail"],"duration":2,"failureDetails":[],"failureMessages":[],"fullName":"Gmail Service sendTemplatedEmail should throw error for missing template","invocations":1,"location":null,"numPassingAsserts":1,"retryReasons":[],"status":"passed","title":"should throw error for missing template"},{"ancestorTitles":["Gmail Service","getEmailTemplates"],"duration":2,"failureDetails":[],"failureMessages":[],"fullName":"Gmail Service getEmailTemplates should return available email templates","invocations":1,"location":null,"numPassingAsserts":6,"retryReasons":[],"status":"passed","title":"should return available email templates"},{"ancestorTitles":["Gmail Service","template variable substitution"],"duration":1,"failureDetails":[],"failureMessages":[],"fullName":"Gmail Service template variable substitution should substitute variables correctly","invocations":1,"location":null,"numPassingAsserts":1,"retryReasons":[],"status":"passed","title":"should substitute variables correctly"},{"ancestorTitles":["Gmail Service","error handling"],"duration":6,"failureDetails":[],"failureMessages":[],"fullName":"Gmail Service error handling should handle authentication errors","invocations":1,"location":null,"numPassingAsserts":1,"retryReasons":[],"status":"passed","title":"should handle authentication errors"},{"ancestorTitles":["Gmail Service","error handling"],"duration":5,"failureDetails":[],"failureMessages":[],"fullName":"Gmail Service error handling should handle rate limiting","invocations":1,"location":null,"numPassingAsserts":1,"retryReasons":[],"status":"passed","title":"should handle rate limiting"}],"endTime":1759596670991,"message":"","name":"C:\\Repos\\UnlicesnsedDrivingSchool\\tests\\unit\\services\\gmailService.test.js","startTime":1759596663298,"status":"passed","summary":""}],"wasInterrupted":false}
