{"numFailedTestSuites":4,"numFailedTests":0,"numPassedTestSuites":15,"numPassedTests":336,"numPendingTestSuites":2,"numPendingTests":9,"numRuntimeErrorTestSuites":4,"numTodoTests":0,"numTotalTestSuites":21,"numTotalTests":345,"openHandles":[],"snapshot":{"added":0,"didUpdate":false,"failure":false,"filesAdded":0,"filesRemoved":0,"filesRemovedList":[],"filesUnmatched":0,"filesUpdated":0,"matched":0,"total":0,"unchecked":0,"uncheckedKeysByFile":[],"unmatched":0,"updated":0},"startTime":1760633516297,"success":false,"testResults":[{"assertionResults":[{"ancestorTitles":["Report Model","constructor and validation"],"duration":112,"failing":false,"failureDetails":[],"failureMessages":[],"fullName":"Report Model constructor and validation should create a valid report","invocations":1,"location":null,"numPassingAsserts":3,"retryReasons":[],"startAt":1760633527694,"status":"passed","title":"should create a valid report"},{"ancestorTitles":["Report Model","constructor and validation"],"duration":155,"failing":false,"failureDetails":[],"failureMessages":[],"fullName":"Report Model constructor and validation should throw error for invalid data","invocations":1,"location":null,"numPassingAsserts":1,"retryReasons":[],"startAt":1760633527809,"status":"passed","title":"should throw error for invalid data"},{"ancestorTitles":["Report Model","generateId"],"duration":1,"failing":false,"failureDetails":[],"failureMessages":[],"fullName":"Report Model generateId should generate valid report ID format","invocations":1,"location":null,"numPassingAsserts":1,"retryReasons":[],"startAt":1760633527965,"status":"passed","title":"should generate valid report ID format"},{"ancestorTitles":["Report Model","create"],"duration":43,"failing":false,"failureDetails":[],"failureMessages":[],"fullName":"Report Model create should create report with generated ID and timestamps","invocations":1,"location":null,"numPassingAsserts":8,"retryReasons":[],"startAt":1760633527967,"status":"passed","title":"should create report with generated ID and timestamps"},{"ancestorTitles":["Report Model","validateBusinessRules"],"duration":11,"failing":false,"failureDetails":[],"failureMessages":[],"fullName":"Report Model validateBusinessRules should pass validation for unique school name","invocations":1,"location":null,"numPassingAsserts":1,"retryReasons":[],"startAt":1760633528011,"status":"passed","title":"should pass validation for unique school name"},{"ancestorTitles":["Report Model","validateBusinessRules"],"duration":13,"failing":false,"failureDetails":[],"failureMessages":[],"fullName":"Report Model validateBusinessRules should throw error for duplicate school name","invocations":1,"location":null,"numPassingAsserts":1,"retryReasons":[],"startAt":1760633528023,"status":"passed","title":"should throw error for duplicate school name"},{"ancestorTitles":["Report Model","getStatusEnum"],"duration":3,"failing":false,"failureDetails":[],"failureMessages":[],"fullName":"Report Model getStatusEnum should return status enumeration","invocations":1,"location":null,"numPassingAsserts":3,"retryReasons":[],"startAt":1760633528037,"status":"passed","title":"should return status enumeration"}],"endTime":1760633528045,"message":"","name":"C:\\Repos\\UnlicesnsedDrivingSchool\\tests\\unit\\models\\Report.test.js","startTime":1760633519241,"status":"passed","summary":""},{"assertionResults":[],"coverage":{},"endTime":1760633548248,"message":"  ● Test suite failed to run\n\n    TypeError: cuid2.init is not a function\n\n    \u001b[0m \u001b[90m  5 |\u001b[39m \u001b[90m */\u001b[39m\n     \u001b[90m  6 |\u001b[39m\n    \u001b[31m\u001b[1m>\u001b[22m\u001b[39m\u001b[90m  7 |\u001b[39m \u001b[36mconst\u001b[39m request \u001b[33m=\u001b[39m require(\u001b[32m'supertest'\u001b[39m)\u001b[33m;\u001b[39m\n     \u001b[90m    |\u001b[39m                 \u001b[31m\u001b[1m^\u001b[22m\u001b[39m\n     \u001b[90m  8 |\u001b[39m \u001b[36mconst\u001b[39m express \u001b[33m=\u001b[39m require(\u001b[32m'express'\u001b[39m)\u001b[33m;\u001b[39m\n     \u001b[90m  9 |\u001b[39m \u001b[36mconst\u001b[39m reportsRouter \u001b[33m=\u001b[39m require(\u001b[32m'../../../server/routes/reports'\u001b[39m)\u001b[33m;\u001b[39m\n     \u001b[90m 10 |\u001b[39m \u001b[36mconst\u001b[39m reportService \u001b[33m=\u001b[39m require(\u001b[32m'../../../server/services/reportService'\u001b[39m)\u001b[33m;\u001b[39m\u001b[0m\n\n      at Object.<anonymous> (node_modules/formidable/dist/index.cjs:1003:24)\n      at Object.require (node_modules/superagent/src/node/index.js:16:20)\n      at Object.<anonymous> (node_modules/supertest/lib/test.js:12:21)\n      at Object.<anonymous> (node_modules/supertest/index.js:13:14)\n      at Object.require (tests/unit/routes/reports.test.js:7:17)\n","name":"C:\\Repos\\UnlicesnsedDrivingSchool\\tests\\unit\\routes\\reports.test.js","startTime":1760633548248,"status":"failed","summary":""},{"assertionResults":[],"coverage":{},"endTime":1760633548248,"message":"  ● Test suite failed to run\n\n    TypeError: cuid2.init is not a function\n\n    \u001b[0m \u001b[90m  5 |\u001b[39m \u001b[90m */\u001b[39m\n     \u001b[90m  6 |\u001b[39m\n    \u001b[31m\u001b[1m>\u001b[22m\u001b[39m\u001b[90m  7 |\u001b[39m \u001b[36mconst\u001b[39m request \u001b[33m=\u001b[39m require(\u001b[32m'supertest'\u001b[39m)\u001b[33m;\u001b[39m\n     \u001b[90m    |\u001b[39m                 \u001b[31m\u001b[1m^\u001b[22m\u001b[39m\n     \u001b[90m  8 |\u001b[39m \u001b[36mconst\u001b[39m app \u001b[33m=\u001b[39m require(\u001b[32m'../../server/app'\u001b[39m)\u001b[33m;\u001b[39m\n     \u001b[90m  9 |\u001b[39m\n     \u001b[90m 10 |\u001b[39m \u001b[90m/**\u001b[39m\u001b[0m\n\n      at Object.<anonymous> (node_modules/formidable/dist/index.cjs:1003:24)\n      at Object.require (node_modules/superagent/src/node/index.js:16:20)\n      at Object.<anonymous> (node_modules/supertest/lib/test.js:12:21)\n      at Object.<anonymous> (node_modules/supertest/index.js:13:14)\n      at Object.require (tests/e2e/error-handling.test.js:7:17)\n","name":"C:\\Repos\\UnlicesnsedDrivingSchool\\tests\\e2e\\error-handling.test.js","startTime":1760633548248,"status":"failed","summary":""},{"assertionResults":[{"ancestorTitles":["Local File Service","ensureUploadsDirectory"],"duration":4,"failing":false,"failureDetails":[],"failureMessages":[],"fullName":"Local File Service ensureUploadsDirectory should not create directory if it already exists","invocations":1,"location":null,"numPassingAsserts":2,"retryReasons":[],"startAt":1760633528857,"status":"passed","title":"should not create directory if it already exists"},{"ancestorTitles":["Local File Service","ensureUploadsDirectory"],"duration":3,"failing":false,"failureDetails":[],"failureMessages":[],"fullName":"Local File Service ensureUploadsDirectory should create directory if it does not exist","invocations":1,"location":null,"numPassingAsserts":2,"retryReasons":[],"startAt":1760633528862,"status":"passed","title":"should create directory if it does not exist"},{"ancestorTitles":["Local File Service","ensureUploadsDirectory"],"duration":73,"failing":false,"failureDetails":[],"failureMessages":[],"fullName":"Local File Service ensureUploadsDirectory should throw error if mkdir fails","invocations":1,"location":null,"numPassingAsserts":1,"retryReasons":[],"startAt":1760633528865,"status":"passed","title":"should throw error if mkdir fails"},{"ancestorTitles":["Local File Service","ensureReportDirectory"],"duration":3,"failing":false,"failureDetails":[],"failureMessages":[],"fullName":"Local File Service ensureReportDirectory should not create directory if it already exists","invocations":1,"location":null,"numPassingAsserts":3,"retryReasons":[],"startAt":1760633528939,"status":"passed","title":"should not create directory if it already exists"},{"ancestorTitles":["Local File Service","ensureReportDirectory"],"duration":12,"failing":false,"failureDetails":[],"failureMessages":[],"fullName":"Local File Service ensureReportDirectory should create directory if it does not exist","invocations":1,"location":null,"numPassingAsserts":2,"retryReasons":[],"startAt":1760633528942,"status":"passed","title":"should create directory if it does not exist"},{"ancestorTitles":["Local File Service","generateUniqueFilename"],"duration":11,"failing":false,"failureDetails":[],"failureMessages":[],"fullName":"Local File Service generateUniqueFilename should generate unique filename with timestamp and UUID","invocations":1,"location":null,"numPassingAsserts":1,"retryReasons":[],"startAt":1760633528955,"status":"passed","title":"should generate unique filename with timestamp and UUID"},{"ancestorTitles":["Local File Service","generateUniqueFilename"],"duration":1,"failing":false,"failureDetails":[],"failureMessages":[],"fullName":"Local File Service generateUniqueFilename should handle files without extension","invocations":1,"location":null,"numPassingAsserts":1,"retryReasons":[],"startAt":1760633528966,"status":"passed","title":"should handle files without extension"},{"ancestorTitles":["Local File Service","generateUniqueFilename"],"duration":1,"failing":false,"failureDetails":[],"failureMessages":[],"fullName":"Local File Service generateUniqueFilename should handle files with multiple dots in name","invocations":1,"location":null,"numPassingAsserts":1,"retryReasons":[],"startAt":1760633528968,"status":"passed","title":"should handle files with multiple dots in name"},{"ancestorTitles":["Local File Service","uploadFile"],"duration":21,"failing":false,"failureDetails":[],"failureMessages":[],"fullName":"Local File Service uploadFile should upload file successfully","invocations":1,"location":null,"numPassingAsserts":9,"retryReasons":[],"startAt":1760633528969,"status":"passed","title":"should upload file successfully"},{"ancestorTitles":["Local File Service","uploadFile"],"duration":3,"failing":false,"failureDetails":[],"failureMessages":[],"fullName":"Local File Service uploadFile should generate thumbnail URL for images","invocations":1,"location":null,"numPassingAsserts":1,"retryReasons":[],"startAt":1760633528991,"status":"passed","title":"should generate thumbnail URL for images"},{"ancestorTitles":["Local File Service","uploadFile"],"duration":4,"failing":false,"failureDetails":[],"failureMessages":[],"fullName":"Local File Service uploadFile should not generate thumbnail URL for non-images","invocations":1,"location":null,"numPassingAsserts":1,"retryReasons":[],"startAt":1760633528994,"status":"passed","title":"should not generate thumbnail URL for non-images"},{"ancestorTitles":["Local File Service","uploadFile"],"duration":13,"failing":false,"failureDetails":[],"failureMessages":[],"fullName":"Local File Service uploadFile should throw error if directory creation fails","invocations":1,"location":null,"numPassingAsserts":1,"retryReasons":[],"startAt":1760633528998,"status":"passed","title":"should throw error if directory creation fails"},{"ancestorTitles":["Local File Service","uploadFile"],"duration":2,"failing":false,"failureDetails":[],"failureMessages":[],"fullName":"Local File Service uploadFile should throw error if file write fails","invocations":1,"location":null,"numPassingAsserts":1,"retryReasons":[],"startAt":1760633529011,"status":"passed","title":"should throw error if file write fails"},{"ancestorTitles":["Local File Service","getFileMetadata"],"duration":79,"failing":false,"failureDetails":[],"failureMessages":[],"fullName":"Local File Service getFileMetadata should return null (not fully implemented)","invocations":1,"location":null,"numPassingAsserts":1,"retryReasons":[],"startAt":1760633529017,"status":"passed","title":"should return null (not fully implemented)"},{"ancestorTitles":["Local File Service","downloadFile"],"duration":2,"failing":false,"failureDetails":[],"failureMessages":[],"fullName":"Local File Service downloadFile should return file stream for valid path","invocations":1,"location":null,"numPassingAsserts":2,"retryReasons":[],"startAt":1760633529096,"status":"passed","title":"should return file stream for valid path"},{"ancestorTitles":["Local File Service","downloadFile"],"duration":2,"failing":false,"failureDetails":[],"failureMessages":[],"fullName":"Local File Service downloadFile should throw error for path outside uploads directory","invocations":1,"location":null,"numPassingAsserts":1,"retryReasons":[],"startAt":1760633529098,"status":"passed","title":"should throw error for path outside uploads directory"},{"ancestorTitles":["Local File Service","downloadFile"],"duration":2,"failing":false,"failureDetails":[],"failureMessages":[],"fullName":"Local File Service downloadFile should throw error for non-existent file","invocations":1,"location":null,"numPassingAsserts":1,"retryReasons":[],"startAt":1760633529100,"status":"passed","title":"should throw error for non-existent file"},{"ancestorTitles":["Local File Service","deleteFile"],"duration":4,"failing":false,"failureDetails":[],"failureMessages":[],"fullName":"Local File Service deleteFile should delete file successfully","invocations":1,"location":null,"numPassingAsserts":2,"retryReasons":[],"startAt":1760633529102,"status":"passed","title":"should delete file successfully"},{"ancestorTitles":["Local File Service","deleteFile"],"duration":5,"failing":false,"failureDetails":[],"failureMessages":[],"fullName":"Local File Service deleteFile should return false for non-existent file","invocations":1,"location":null,"numPassingAsserts":1,"retryReasons":[],"startAt":1760633529107,"status":"passed","title":"should return false for non-existent file"},{"ancestorTitles":["Local File Service","deleteFile"],"duration":2,"failing":false,"failureDetails":[],"failureMessages":[],"fullName":"Local File Service deleteFile should throw error for path outside uploads directory","invocations":1,"location":null,"numPassingAsserts":1,"retryReasons":[],"startAt":1760633529115,"status":"passed","title":"should throw error for path outside uploads directory"},{"ancestorTitles":["Local File Service","deleteFile"],"duration":7,"failing":false,"failureDetails":[],"failureMessages":[],"fullName":"Local File Service deleteFile should throw error for other unlink failures","invocations":1,"location":null,"numPassingAsserts":1,"retryReasons":[],"startAt":1760633529117,"status":"passed","title":"should throw error for other unlink failures"},{"ancestorTitles":["Local File Service","listReportFiles"],"duration":13,"failing":false,"failureDetails":[],"failureMessages":[],"fullName":"Local File Service listReportFiles should return empty array for non-existent report directory","invocations":1,"location":null,"numPassingAsserts":1,"retryReasons":[],"startAt":1760633529125,"status":"passed","title":"should return empty array for non-existent report directory"},{"ancestorTitles":["Local File Service","listReportFiles"],"duration":2,"failing":false,"failureDetails":[],"failureMessages":[],"fullName":"Local File Service listReportFiles should list files in report directory","invocations":1,"location":null,"numPassingAsserts":3,"retryReasons":[],"startAt":1760633529139,"status":"passed","title":"should list files in report directory"},{"ancestorTitles":["Local File Service","listReportFiles"],"duration":1,"failing":false,"failureDetails":[],"failureMessages":[],"fullName":"Local File Service listReportFiles should skip directories","invocations":1,"location":null,"numPassingAsserts":2,"retryReasons":[],"startAt":1760633529142,"status":"passed","title":"should skip directories"},{"ancestorTitles":["Local File Service","listReportFiles"],"duration":32,"failing":false,"failureDetails":[],"failureMessages":[],"fullName":"Local File Service listReportFiles should handle readdir errors gracefully","invocations":1,"location":null,"numPassingAsserts":1,"retryReasons":[],"startAt":1760633529144,"status":"passed","title":"should handle readdir errors gracefully"},{"ancestorTitles":["Local File Service","getStorageStats"],"duration":2,"failing":false,"failureDetails":[],"failureMessages":[],"fullName":"Local File Service getStorageStats should return storage statistics","invocations":1,"location":null,"numPassingAsserts":1,"retryReasons":[],"startAt":1760633529176,"status":"passed","title":"should return storage statistics"},{"ancestorTitles":["Local File Service","getStorageStats"],"duration":2,"failing":false,"failureDetails":[],"failureMessages":[],"fullName":"Local File Service getStorageStats should handle empty uploads directory","invocations":1,"location":null,"numPassingAsserts":1,"retryReasons":[],"startAt":1760633529178,"status":"passed","title":"should handle empty uploads directory"},{"ancestorTitles":["Local File Service","getStorageStats"],"duration":1,"failing":false,"failureDetails":[],"failureMessages":[],"fullName":"Local File Service getStorageStats should handle errors gracefully","invocations":1,"location":null,"numPassingAsserts":1,"retryReasons":[],"startAt":1760633529180,"status":"passed","title":"should handle errors gracefully"},{"ancestorTitles":["Local File Service","Environment configuration"],"duration":1,"failing":false,"failureDetails":[],"failureMessages":[],"fullName":"Local File Service Environment configuration should use custom UPLOADS_DIR from environment","invocations":1,"location":null,"numPassingAsserts":1,"retryReasons":[],"startAt":1760633529181,"status":"passed","title":"should use custom UPLOADS_DIR from environment"},{"ancestorTitles":["Local File Service","Environment configuration"],"duration":3,"failing":false,"failureDetails":[],"failureMessages":[],"fullName":"Local File Service Environment configuration should use custom UPLOADS_URL_BASE from environment","invocations":1,"location":null,"numPassingAsserts":1,"retryReasons":[],"startAt":1760633529182,"status":"passed","title":"should use custom UPLOADS_URL_BASE from environment"}],"endTime":1760633529188,"message":"","name":"C:\\Repos\\UnlicesnsedDrivingSchool\\tests\\unit\\services\\localFileService.test.js","startTime":1760633528082,"status":"passed","summary":""},{"assertionResults":[{"ancestorTitles":["File Service","uploadFile"],"duration":60,"failing":false,"failureDetails":[],"failureMessages":[],"fullName":"File Service uploadFile should upload file successfully","invocations":1,"location":null,"numPassingAsserts":7,"retryReasons":[],"startAt":1760633528931,"status":"passed","title":"should upload file successfully"},{"ancestorTitles":["File Service","uploadFile"],"duration":246,"failing":false,"failureDetails":[],"failureMessages":[],"fullName":"File Service uploadFile should throw error for invalid upload parameters","invocations":1,"location":null,"numPassingAsserts":1,"retryReasons":[],"startAt":1760633528993,"status":"passed","title":"should throw error for invalid upload parameters"},{"ancestorTitles":["File Service","uploadFile"],"duration":54,"failing":false,"failureDetails":[],"failureMessages":[],"fullName":"File Service uploadFile should throw error when local file upload fails","invocations":1,"location":null,"numPassingAsserts":1,"retryReasons":[],"startAt":1760633529239,"status":"passed","title":"should throw error when local file upload fails"},{"ancestorTitles":["File Service","uploadFile"],"duration":60,"failing":false,"failureDetails":[],"failureMessages":[],"fullName":"File Service uploadFile should throw error when business rules validation fails","invocations":1,"location":null,"numPassingAsserts":1,"retryReasons":[],"startAt":1760633529294,"status":"passed","title":"should throw error when business rules validation fails"},{"ancestorTitles":["File Service","getFileById"],"duration":4,"failing":false,"failureDetails":[],"failureMessages":[],"fullName":"File Service getFileById should return file when found","invocations":1,"location":null,"numPassingAsserts":3,"retryReasons":[],"startAt":1760633529355,"status":"passed","title":"should return file when found"},{"ancestorTitles":["File Service","getFileById"],"duration":1,"failing":false,"failureDetails":[],"failureMessages":[],"fullName":"File Service getFileById should return null when file not found","invocations":1,"location":null,"numPassingAsserts":1,"retryReasons":[],"startAt":1760633529360,"status":"passed","title":"should return null when file not found"},{"ancestorTitles":["File Service","getFilesByReportId"],"duration":2,"failing":false,"failureDetails":[],"failureMessages":[],"fullName":"File Service getFilesByReportId should return files for report","invocations":1,"location":null,"numPassingAsserts":4,"retryReasons":[],"startAt":1760633529362,"status":"passed","title":"should return files for report"},{"ancestorTitles":["File Service","updateFileProcessingStatus"],"duration":3,"failing":false,"failureDetails":[],"failureMessages":[],"fullName":"File Service updateFileProcessingStatus should update file status successfully","invocations":1,"location":null,"numPassingAsserts":3,"retryReasons":[],"startAt":1760633529365,"status":"passed","title":"should update file status successfully"},{"ancestorTitles":["File Service","updateFileProcessingStatus"],"duration":41,"failing":false,"failureDetails":[],"failureMessages":[],"fullName":"File Service updateFileProcessingStatus should throw error when file not found","invocations":1,"location":null,"numPassingAsserts":1,"retryReasons":[],"startAt":1760633529368,"status":"passed","title":"should throw error when file not found"},{"ancestorTitles":["File Service","validateFileUpload"],"duration":2,"failing":false,"failureDetails":[],"failureMessages":[],"fullName":"File Service validateFileUpload should return valid for correct file","invocations":1,"location":null,"numPassingAsserts":3,"retryReasons":[],"startAt":1760633529410,"status":"passed","title":"should return valid for correct file"},{"ancestorTitles":["File Service","validateFileUpload"],"duration":2,"failing":false,"failureDetails":[],"failureMessages":[],"fullName":"File Service validateFileUpload should return invalid for oversized file","invocations":1,"location":null,"numPassingAsserts":2,"retryReasons":[],"startAt":1760633529413,"status":"passed","title":"should return invalid for oversized file"},{"ancestorTitles":["File Service","validateFileUpload"],"duration":3,"failing":false,"failureDetails":[],"failureMessages":[],"fullName":"File Service validateFileUpload should return invalid for unsupported file type","invocations":1,"location":null,"numPassingAsserts":2,"retryReasons":[],"startAt":1760633529415,"status":"passed","title":"should return invalid for unsupported file type"},{"ancestorTitles":["File Service","validateFileUpload"],"duration":4,"failing":false,"failureDetails":[],"failureMessages":[],"fullName":"File Service validateFileUpload should return invalid when too many files for report","invocations":1,"location":null,"numPassingAsserts":2,"retryReasons":[],"startAt":1760633529418,"status":"passed","title":"should return invalid when too many files for report"},{"ancestorTitles":["File Service","processBase64File"],"duration":2,"failing":false,"failureDetails":[],"failureMessages":[],"fullName":"File Service processBase64File should process base64 data without prefix","invocations":1,"location":null,"numPassingAsserts":2,"retryReasons":[],"startAt":1760633529422,"status":"passed","title":"should process base64 data without prefix"},{"ancestorTitles":["File Service","processBase64File"],"duration":1,"failing":false,"failureDetails":[],"failureMessages":[],"fullName":"File Service processBase64File should process base64 data with data URL prefix","invocations":1,"location":null,"numPassingAsserts":2,"retryReasons":[],"startAt":1760633529424,"status":"passed","title":"should process base64 data with data URL prefix"},{"ancestorTitles":["File Service","processBase64File"],"duration":20,"failing":false,"failureDetails":[],"failureMessages":[],"fullName":"File Service processBase64File should throw error for invalid base64 data","invocations":1,"location":null,"numPassingAsserts":1,"retryReasons":[],"startAt":1760633529425,"status":"passed","title":"should throw error for invalid base64 data"}],"endTime":1760633529452,"message":"","name":"C:\\Repos\\UnlicesnsedDrivingSchool\\tests\\unit\\services\\fileService.test.js","startTime":1760633519125,"status":"passed","summary":""},{"assertionResults":[],"coverage":{},"endTime":1760633548248,"message":"  ● Test suite failed to run\n\n    TypeError: cuid2.init is not a function\n\n    \u001b[0m \u001b[90m  5 |\u001b[39m \u001b[90m */\u001b[39m\n     \u001b[90m  6 |\u001b[39m\n    \u001b[31m\u001b[1m>\u001b[22m\u001b[39m\u001b[90m  7 |\u001b[39m \u001b[36mconst\u001b[39m request \u001b[33m=\u001b[39m require(\u001b[32m'supertest'\u001b[39m)\u001b[33m;\u001b[39m\n     \u001b[90m    |\u001b[39m                 \u001b[31m\u001b[1m^\u001b[22m\u001b[39m\n     \u001b[90m  8 |\u001b[39m \u001b[36mconst\u001b[39m express \u001b[33m=\u001b[39m require(\u001b[32m'express'\u001b[39m)\u001b[33m;\u001b[39m\n     \u001b[90m  9 |\u001b[39m \u001b[36mconst\u001b[39m fileRoutes \u001b[33m=\u001b[39m require(\u001b[32m'../../../server/routes/files'\u001b[39m)\u001b[33m;\u001b[39m\n     \u001b[90m 10 |\u001b[39m \u001b[36mconst\u001b[39m fileService \u001b[33m=\u001b[39m require(\u001b[32m'../../../server/services/fileService'\u001b[39m)\u001b[33m;\u001b[39m\u001b[0m\n\n      at Object.<anonymous> (node_modules/formidable/dist/index.cjs:1003:24)\n      at Object.require (node_modules/superagent/src/node/index.js:16:20)\n      at Object.<anonymous> (node_modules/supertest/lib/test.js:12:21)\n      at Object.<anonymous> (node_modules/supertest/index.js:13:14)\n      at Object.require (tests/unit/routes/files.test.js:7:17)\n","name":"C:\\Repos\\UnlicesnsedDrivingSchool\\tests\\unit\\routes\\files.test.js","startTime":1760633548248,"status":"failed","summary":""},{"assertionResults":[{"ancestorTitles":["Admin Status Change E2E Tests - DISABLED: Website works as expected, re-examine in future"],"duration":null,"failing":false,"failureDetails":[],"failureMessages":[],"fullName":"Admin Status Change E2E Tests - DISABLED: Website works as expected, re-examine in future should successfully change report status via dropdown","invocations":1,"location":null,"numPassingAsserts":0,"retryReasons":[],"startAt":1760633530475,"status":"pending","title":"should successfully change report status via dropdown"},{"ancestorTitles":["Admin Status Change E2E Tests - DISABLED: Website works as expected, re-examine in future"],"duration":null,"failing":false,"failureDetails":[],"failureMessages":[],"fullName":"Admin Status Change E2E Tests - DISABLED: Website works as expected, re-examine in future should log detailed error information when status change fails","invocations":1,"location":null,"numPassingAsserts":0,"retryReasons":[],"startAt":1760633530478,"status":"pending","title":"should log detailed error information when status change fails"},{"ancestorTitles":["Admin Status Change E2E Tests - DISABLED: Website works as expected, re-examine in future"],"duration":null,"failing":false,"failureDetails":[],"failureMessages":[],"fullName":"Admin Status Change E2E Tests - DISABLED: Website works as expected, re-examine in future should display user-friendly error message on failure","invocations":1,"location":null,"numPassingAsserts":0,"retryReasons":[],"startAt":1760633530478,"status":"pending","title":"should display user-friendly error message on failure"},{"ancestorTitles":["Admin Status Change E2E Tests - DISABLED: Website works as expected, re-examine in future"],"duration":null,"failing":false,"failureDetails":[],"failureMessages":[],"fullName":"Admin Status Change E2E Tests - DISABLED: Website works as expected, re-examine in future should log complete request/response cycle","invocations":1,"location":null,"numPassingAsserts":0,"retryReasons":[],"startAt":1760633530478,"status":"pending","title":"should log complete request/response cycle"}],"coverage":{},"endTime":1760633548248,"message":"","name":"C:\\Repos\\UnlicesnsedDrivingSchool\\tests\\e2e\\admin-status-change.test.js","startTime":1760633548248,"status":"skipped","summary":""},{"assertionResults":[{"ancestorTitles":["File Validation Middleware","validateFileUpload"],"duration":4,"failing":false,"failureDetails":[],"failureMessages":[],"fullName":"File Validation Middleware validateFileUpload should call next() for valid upload request","invocations":1,"location":null,"numPassingAsserts":3,"retryReasons":[],"startAt":1760633530443,"status":"passed","title":"should call next() for valid upload request"},{"ancestorTitles":["File Validation Middleware","validateFileUpload"],"duration":7,"failing":false,"failureDetails":[],"failureMessages":[],"fullName":"File Validation Middleware validateFileUpload should return 400 if reportId is missing","invocations":1,"location":null,"numPassingAsserts":3,"retryReasons":[],"startAt":1760633530448,"status":"passed","title":"should return 400 if reportId is missing"},{"ancestorTitles":["File Validation Middleware","validateFileUpload"],"duration":5,"failing":false,"failureDetails":[],"failureMessages":[],"fullName":"File Validation Middleware validateFileUpload should return 400 if reportId format is invalid","invocations":1,"location":null,"numPassingAsserts":3,"retryReasons":[],"startAt":1760633530455,"status":"passed","title":"should return 400 if reportId format is invalid"},{"ancestorTitles":["File Validation Middleware","validateFileUpload"],"duration":6,"failing":false,"failureDetails":[],"failureMessages":[],"fullName":"File Validation Middleware validateFileUpload should return 400 if no files are provided","invocations":1,"location":null,"numPassingAsserts":3,"retryReasons":[],"startAt":1760633530460,"status":"passed","title":"should return 400 if no files are provided"},{"ancestorTitles":["File Validation Middleware","validateFileUpload"],"duration":2,"failing":false,"failureDetails":[],"failureMessages":[],"fullName":"File Validation Middleware validateFileUpload should return 400 if file validation fails","invocations":1,"location":null,"numPassingAsserts":3,"retryReasons":[],"startAt":1760633530467,"status":"passed","title":"should return 400 if file validation fails"},{"ancestorTitles":["File Validation Middleware","validateFileUpload"],"duration":68,"failing":false,"failureDetails":[],"failureMessages":[],"fullName":"File Validation Middleware validateFileUpload should handle validation errors gracefully","invocations":1,"location":null,"numPassingAsserts":3,"retryReasons":[],"startAt":1760633530469,"status":"passed","title":"should handle validation errors gracefully"},{"ancestorTitles":["File Validation Middleware","validateFileId"],"duration":2,"failing":false,"failureDetails":[],"failureMessages":[],"fullName":"File Validation Middleware validateFileId should call next() for valid file ID","invocations":1,"location":null,"numPassingAsserts":2,"retryReasons":[],"startAt":1760633530537,"status":"passed","title":"should call next() for valid file ID"},{"ancestorTitles":["File Validation Middleware","validateFileId"],"duration":1,"failing":false,"failureDetails":[],"failureMessages":[],"fullName":"File Validation Middleware validateFileId should return 400 if file ID is missing","invocations":1,"location":null,"numPassingAsserts":3,"retryReasons":[],"startAt":1760633530539,"status":"passed","title":"should return 400 if file ID is missing"},{"ancestorTitles":["File Validation Middleware","validateFileId"],"duration":2,"failing":false,"failureDetails":[],"failureMessages":[],"fullName":"File Validation Middleware validateFileId should return 400 if file ID format is invalid","invocations":1,"location":null,"numPassingAsserts":3,"retryReasons":[],"startAt":1760633530540,"status":"passed","title":"should return 400 if file ID format is invalid"},{"ancestorTitles":["File Validation Middleware","validateReportId"],"duration":1,"failing":false,"failureDetails":[],"failureMessages":[],"fullName":"File Validation Middleware validateReportId should call next() for valid report ID","invocations":1,"location":null,"numPassingAsserts":2,"retryReasons":[],"startAt":1760633530542,"status":"passed","title":"should call next() for valid report ID"},{"ancestorTitles":["File Validation Middleware","validateReportId"],"duration":1,"failing":false,"failureDetails":[],"failureMessages":[],"fullName":"File Validation Middleware validateReportId should return 400 if report ID is missing","invocations":1,"location":null,"numPassingAsserts":3,"retryReasons":[],"startAt":1760633530543,"status":"passed","title":"should return 400 if report ID is missing"},{"ancestorTitles":["File Validation Middleware","validateReportId"],"duration":1,"failing":false,"failureDetails":[],"failureMessages":[],"fullName":"File Validation Middleware validateReportId should return 400 if report ID format is invalid","invocations":1,"location":null,"numPassingAsserts":3,"retryReasons":[],"startAt":1760633530544,"status":"passed","title":"should return 400 if report ID format is invalid"},{"ancestorTitles":["File Validation Middleware","validateStatusUpdate"],"duration":0,"failing":false,"failureDetails":[],"failureMessages":[],"fullName":"File Validation Middleware validateStatusUpdate should call next() for valid status","invocations":1,"location":null,"numPassingAsserts":2,"retryReasons":[],"startAt":1760633530546,"status":"passed","title":"should call next() for valid status"},{"ancestorTitles":["File Validation Middleware","validateStatusUpdate"],"duration":1,"failing":false,"failureDetails":[],"failureMessages":[],"fullName":"File Validation Middleware validateStatusUpdate should return 400 if status is missing","invocations":1,"location":null,"numPassingAsserts":3,"retryReasons":[],"startAt":1760633530547,"status":"passed","title":"should return 400 if status is missing"},{"ancestorTitles":["File Validation Middleware","validateStatusUpdate"],"duration":15,"failing":false,"failureDetails":[],"failureMessages":[],"fullName":"File Validation Middleware validateStatusUpdate should return 400 if status is invalid","invocations":1,"location":null,"numPassingAsserts":3,"retryReasons":[],"startAt":1760633530548,"status":"passed","title":"should return 400 if status is invalid"},{"ancestorTitles":["File Validation Middleware","handleFileErrors"],"duration":19,"failing":false,"failureDetails":[],"failureMessages":[],"fullName":"File Validation Middleware handleFileErrors should handle LIMIT_FILE_SIZE error","invocations":1,"location":null,"numPassingAsserts":3,"retryReasons":[],"startAt":1760633530564,"status":"passed","title":"should handle LIMIT_FILE_SIZE error"},{"ancestorTitles":["File Validation Middleware","handleFileErrors"],"duration":21,"failing":false,"failureDetails":[],"failureMessages":[],"fullName":"File Validation Middleware handleFileErrors should handle LIMIT_FILE_COUNT error","invocations":1,"location":null,"numPassingAsserts":3,"retryReasons":[],"startAt":1760633530583,"status":"passed","title":"should handle LIMIT_FILE_COUNT error"},{"ancestorTitles":["File Validation Middleware","handleFileErrors"],"duration":9,"failing":false,"failureDetails":[],"failureMessages":[],"fullName":"File Validation Middleware handleFileErrors should handle LIMIT_UNEXPECTED_FILE error","invocations":1,"location":null,"numPassingAsserts":3,"retryReasons":[],"startAt":1760633530604,"status":"passed","title":"should handle LIMIT_UNEXPECTED_FILE error"},{"ancestorTitles":["File Validation Middleware","handleFileErrors"],"duration":8,"failing":false,"failureDetails":[],"failureMessages":[],"fullName":"File Validation Middleware handleFileErrors should handle validation errors","invocations":1,"location":null,"numPassingAsserts":3,"retryReasons":[],"startAt":1760633530613,"status":"passed","title":"should handle validation errors"},{"ancestorTitles":["File Validation Middleware","handleFileErrors"],"duration":20,"failing":false,"failureDetails":[],"failureMessages":[],"fullName":"File Validation Middleware handleFileErrors should handle Google Drive API errors","invocations":1,"location":null,"numPassingAsserts":3,"retryReasons":[],"startAt":1760633530622,"status":"passed","title":"should handle Google Drive API errors"},{"ancestorTitles":["File Validation Middleware","handleFileErrors"],"duration":16,"failing":false,"failureDetails":[],"failureMessages":[],"fullName":"File Validation Middleware handleFileErrors should handle rate limit errors","invocations":1,"location":null,"numPassingAsserts":3,"retryReasons":[],"startAt":1760633530642,"status":"passed","title":"should handle rate limit errors"},{"ancestorTitles":["File Validation Middleware","handleFileErrors"],"duration":21,"failing":false,"failureDetails":[],"failureMessages":[],"fullName":"File Validation Middleware handleFileErrors should handle generic errors","invocations":1,"location":null,"numPassingAsserts":3,"retryReasons":[],"startAt":1760633530658,"status":"passed","title":"should handle generic errors"}],"endTime":1760633530683,"message":"","name":"C:\\Repos\\UnlicesnsedDrivingSchool\\tests\\unit\\middleware\\fileValidation.test.js","startTime":1760633529212,"status":"passed","summary":""},{"assertionResults":[{"ancestorTitles":["File Model","constructor and validation"],"duration":27,"failing":false,"failureDetails":[],"failureMessages":[],"fullName":"File Model constructor and validation should create a valid file","invocations":1,"location":null,"numPassingAsserts":7,"retryReasons":[],"startAt":1760633530474,"status":"passed","title":"should create a valid file"},{"ancestorTitles":["File Model","constructor and validation"],"duration":124,"failing":false,"failureDetails":[],"failureMessages":[],"fullName":"File Model constructor and validation should throw error for invalid data","invocations":1,"location":null,"numPassingAsserts":1,"retryReasons":[],"startAt":1760633530502,"status":"passed","title":"should throw error for invalid data"},{"ancestorTitles":["File Model","generateId"],"duration":1,"failing":false,"failureDetails":[],"failureMessages":[],"fullName":"File Model generateId should generate valid file ID format","invocations":1,"location":null,"numPassingAsserts":1,"retryReasons":[],"startAt":1760633530626,"status":"passed","title":"should generate valid file ID format"},{"ancestorTitles":["File Model","validateUploadParams"],"duration":6,"failing":false,"failureDetails":[],"failureMessages":[],"fullName":"File Model validateUploadParams should validate valid upload parameters","invocations":1,"location":null,"numPassingAsserts":2,"retryReasons":[],"startAt":1760633530628,"status":"passed","title":"should validate valid upload parameters"},{"ancestorTitles":["File Model","validateUploadParams"],"duration":1,"failing":false,"failureDetails":[],"failureMessages":[],"fullName":"File Model validateUploadParams should reject invalid file buffer","invocations":1,"location":null,"numPassingAsserts":2,"retryReasons":[],"startAt":1760633530634,"status":"passed","title":"should reject invalid file buffer"},{"ancestorTitles":["File Model","validateUploadParams"],"duration":8,"failing":false,"failureDetails":[],"failureMessages":[],"fullName":"File Model validateUploadParams should reject unsupported MIME type","invocations":1,"location":null,"numPassingAsserts":2,"retryReasons":[],"startAt":1760633530636,"status":"passed","title":"should reject unsupported MIME type"},{"ancestorTitles":["File Model","validateUploadParams"],"duration":2,"failing":false,"failureDetails":[],"failureMessages":[],"fullName":"File Model validateUploadParams should reject file too large","invocations":1,"location":null,"numPassingAsserts":2,"retryReasons":[],"startAt":1760633530645,"status":"passed","title":"should reject file too large"},{"ancestorTitles":["File Model","create"],"duration":50,"failing":false,"failureDetails":[],"failureMessages":[],"fullName":"File Model create should create file with generated ID and timestamps","invocations":1,"location":null,"numPassingAsserts":8,"retryReasons":[],"startAt":1760633530648,"status":"passed","title":"should create file with generated ID and timestamps"},{"ancestorTitles":["File Model","URL generation"],"duration":1,"failing":false,"failureDetails":[],"failureMessages":[],"fullName":"File Model URL generation should generate public URL","invocations":1,"location":null,"numPassingAsserts":1,"retryReasons":[],"startAt":1760633530699,"status":"passed","title":"should generate public URL"},{"ancestorTitles":["File Model","URL generation"],"duration":1,"failing":false,"failureDetails":[],"failureMessages":[],"fullName":"File Model URL generation should generate thumbnail URL","invocations":1,"location":null,"numPassingAsserts":1,"retryReasons":[],"startAt":1760633530700,"status":"passed","title":"should generate thumbnail URL"},{"ancestorTitles":["File Model","file type methods"],"duration":5,"failing":false,"failureDetails":[],"failureMessages":[],"fullName":"File Model file type methods should identify image files","invocations":1,"location":null,"numPassingAsserts":4,"retryReasons":[],"startAt":1760633530701,"status":"passed","title":"should identify image files"},{"ancestorTitles":["File Model","file type methods"],"duration":5,"failing":false,"failureDetails":[],"failureMessages":[],"fullName":"File Model file type methods should identify video files","invocations":1,"location":null,"numPassingAsserts":4,"retryReasons":[],"startAt":1760633530707,"status":"passed","title":"should identify video files"},{"ancestorTitles":["File Model","updateProcessingStatus"],"duration":12,"failing":false,"failureDetails":[],"failureMessages":[],"fullName":"File Model updateProcessingStatus should update processing status","invocations":1,"location":null,"numPassingAsserts":2,"retryReasons":[],"startAt":1760633530715,"status":"passed","title":"should update processing status"},{"ancestorTitles":["File Model","updateProcessingStatus"],"duration":23,"failing":false,"failureDetails":[],"failureMessages":[],"fullName":"File Model updateProcessingStatus should throw error for invalid status","invocations":1,"location":null,"numPassingAsserts":1,"retryReasons":[],"startAt":1760633530727,"status":"passed","title":"should throw error for invalid status"},{"ancestorTitles":["File Model","getters"],"duration":1,"failing":false,"failureDetails":[],"failureMessages":[],"fullName":"File Model getters should return supported MIME types","invocations":1,"location":null,"numPassingAsserts":3,"retryReasons":[],"startAt":1760633530751,"status":"passed","title":"should return supported MIME types"},{"ancestorTitles":["File Model","getters"],"duration":1,"failing":false,"failureDetails":[],"failureMessages":[],"fullName":"File Model getters should return processing status enum","invocations":1,"location":null,"numPassingAsserts":2,"retryReasons":[],"startAt":1760633530753,"status":"passed","title":"should return processing status enum"},{"ancestorTitles":["File Model","getters"],"duration":1,"failing":false,"failureDetails":[],"failureMessages":[],"fullName":"File Model getters should return max file size","invocations":1,"location":null,"numPassingAsserts":1,"retryReasons":[],"startAt":1760633530756,"status":"passed","title":"should return max file size"}],"endTime":1760633530760,"message":"","name":"C:\\Repos\\UnlicesnsedDrivingSchool\\tests\\unit\\models\\File.test.js","startTime":1760633529480,"status":"passed","summary":""},{"assertionResults":[{"ancestorTitles":["Config Service","getConfig"],"duration":118,"failing":false,"failureDetails":[],"failureMessages":[],"fullName":"Config Service getConfig should throw error for invalid key","invocations":1,"location":null,"numPassingAsserts":3,"retryReasons":[],"startAt":1760633529418,"status":"passed","title":"should throw error for invalid key"},{"ancestorTitles":["Config Service","getConfig"],"duration":157,"failing":false,"failureDetails":[],"failureMessages":[],"fullName":"Config Service getConfig should return cached value when available","invocations":1,"location":null,"numPassingAsserts":2,"retryReasons":[],"startAt":1760633529537,"status":"passed","title":"should return cached value when available"},{"ancestorTitles":["Config Service","getConfig"],"duration":19,"failing":false,"failureDetails":[],"failureMessages":[],"fullName":"Config Service getConfig should return null when config not found","invocations":1,"location":null,"numPassingAsserts":1,"retryReasons":[],"startAt":1760633529695,"status":"passed","title":"should return null when config not found"},{"ancestorTitles":["Config Service","getConfig"],"duration":49,"failing":false,"failureDetails":[],"failureMessages":[],"fullName":"Config Service getConfig should return typed value from JSON storage","invocations":1,"location":null,"numPassingAsserts":4,"retryReasons":[],"startAt":1760633529715,"status":"passed","title":"should return typed value from JSON storage"},{"ancestorTitles":["Config Service","getConfig"],"duration":16,"failing":false,"failureDetails":[],"failureMessages":[],"fullName":"Config Service getConfig should cache retrieved values","invocations":1,"location":null,"numPassingAsserts":2,"retryReasons":[],"startAt":1760633529765,"status":"passed","title":"should cache retrieved values"},{"ancestorTitles":["Config Service","getAllConfig"],"duration":16,"failing":false,"failureDetails":[],"failureMessages":[],"fullName":"Config Service getAllConfig should return all configurations as object","invocations":1,"location":null,"numPassingAsserts":1,"retryReasons":[],"startAt":1760633529784,"status":"passed","title":"should return all configurations as object"},{"ancestorTitles":["Config Service","getAllConfig"],"duration":13,"failing":false,"failureDetails":[],"failureMessages":[],"fullName":"Config Service getAllConfig should cache all individual values","invocations":1,"location":null,"numPassingAsserts":2,"retryReasons":[],"startAt":1760633529801,"status":"passed","title":"should cache all individual values"},{"ancestorTitles":["Config Service","getAllConfig"],"duration":31,"failing":false,"failureDetails":[],"failureMessages":[],"fullName":"Config Service getAllConfig should handle empty configuration","invocations":1,"location":null,"numPassingAsserts":1,"retryReasons":[],"startAt":1760633529814,"status":"passed","title":"should handle empty configuration"},{"ancestorTitles":["Config Service","getAllConfig"],"duration":52,"failing":false,"failureDetails":[],"failureMessages":[],"fullName":"Config Service getAllConfig should skip invalid configuration entries","invocations":1,"location":null,"numPassingAsserts":1,"retryReasons":[],"startAt":1760633529846,"status":"passed","title":"should skip invalid configuration entries"},{"ancestorTitles":["Config Service","setConfig"],"duration":10,"failing":false,"failureDetails":[],"failureMessages":[],"fullName":"Config Service setConfig should throw error for invalid key","invocations":1,"location":null,"numPassingAsserts":3,"retryReasons":[],"startAt":1760633529903,"status":"passed","title":"should throw error for invalid key"},{"ancestorTitles":["Config Service","setConfig"],"duration":22,"failing":false,"failureDetails":[],"failureMessages":[],"fullName":"Config Service setConfig should create new configuration","invocations":1,"location":null,"numPassingAsserts":8,"retryReasons":[],"startAt":1760633529915,"status":"passed","title":"should create new configuration"},{"ancestorTitles":["Config Service","setConfig"],"duration":14,"failing":false,"failureDetails":[],"failureMessages":[],"fullName":"Config Service setConfig should update existing configuration","invocations":1,"location":null,"numPassingAsserts":7,"retryReasons":[],"startAt":1760633529937,"status":"passed","title":"should update existing configuration"},{"ancestorTitles":["Config Service","setConfig"],"duration":11,"failing":false,"failureDetails":[],"failureMessages":[],"fullName":"Config Service setConfig should clear cache after setting config","invocations":1,"location":null,"numPassingAsserts":1,"retryReasons":[],"startAt":1760633529953,"status":"passed","title":"should clear cache after setting config"},{"ancestorTitles":["Config Service","validateConfig"],"duration":5,"failing":false,"failureDetails":[],"failureMessages":[],"fullName":"Config Service validateConfig should return true for valid configuration","invocations":1,"location":null,"numPassingAsserts":1,"retryReasons":[],"startAt":1760633529965,"status":"passed","title":"should return true for valid configuration"},{"ancestorTitles":["Config Service","validateConfig"],"duration":31,"failing":false,"failureDetails":[],"failureMessages":[],"fullName":"Config Service validateConfig should throw error for invalid configuration","invocations":1,"location":null,"numPassingAsserts":1,"retryReasons":[],"startAt":1760633529970,"status":"passed","title":"should throw error for invalid configuration"},{"ancestorTitles":["Config Service","initializeDefaults"],"duration":200,"failing":false,"failureDetails":[],"failureMessages":[],"fullName":"Config Service initializeDefaults should initialize default configurations","invocations":1,"location":null,"numPassingAsserts":6,"retryReasons":[],"startAt":1760633530003,"status":"passed","title":"should initialize default configurations"},{"ancestorTitles":["Config Service","initializeDefaults"],"duration":140,"failing":false,"failureDetails":[],"failureMessages":[],"fullName":"Config Service initializeDefaults should update existing configurations with new values","invocations":1,"location":null,"numPassingAsserts":3,"retryReasons":[],"startAt":1760633530203,"status":"passed","title":"should update existing configurations with new values"},{"ancestorTitles":["Config Service","initializeDefaults"],"duration":170,"failing":false,"failureDetails":[],"failureMessages":[],"fullName":"Config Service initializeDefaults should handle custom defaults","invocations":1,"location":null,"numPassingAsserts":3,"retryReasons":[],"startAt":1760633530343,"status":"passed","title":"should handle custom defaults"},{"ancestorTitles":["Config Service","initializeDefaults"],"duration":166,"failing":false,"failureDetails":[],"failureMessages":[],"fullName":"Config Service initializeDefaults should continue if individual config initialization fails","invocations":1,"location":null,"numPassingAsserts":1,"retryReasons":[],"startAt":1760633530513,"status":"passed","title":"should continue if individual config initialization fails"},{"ancestorTitles":["Config Service","Cache management"],"duration":4,"failing":false,"failureDetails":[],"failureMessages":[],"fullName":"Config Service Cache management should clear config cache","invocations":1,"location":null,"numPassingAsserts":2,"retryReasons":[],"startAt":1760633530679,"status":"passed","title":"should clear config cache"},{"ancestorTitles":["Config Service","Cache management"],"duration":1,"failing":false,"failureDetails":[],"failureMessages":[],"fullName":"Config Service Cache management should return null for expired cache","invocations":1,"location":null,"numPassingAsserts":1,"retryReasons":[],"startAt":1760633530683,"status":"passed","title":"should return null for expired cache"},{"ancestorTitles":["Config Service","Error handling"],"duration":4,"failing":false,"failureDetails":[],"failureMessages":[],"fullName":"Config Service Error handling should handle JSON storage errors in getConfig","invocations":1,"location":null,"numPassingAsserts":1,"retryReasons":[],"startAt":1760633530686,"status":"passed","title":"should handle JSON storage errors in getConfig"},{"ancestorTitles":["Config Service","Error handling"],"duration":23,"failing":false,"failureDetails":[],"failureMessages":[],"fullName":"Config Service Error handling should handle JSON storage errors in getAllConfig","invocations":1,"location":null,"numPassingAsserts":1,"retryReasons":[],"startAt":1760633530691,"status":"passed","title":"should handle JSON storage errors in getAllConfig"},{"ancestorTitles":["Config Service","Error handling"],"duration":16,"failing":false,"failureDetails":[],"failureMessages":[],"fullName":"Config Service Error handling should handle JSON storage errors in setConfig","invocations":1,"location":null,"numPassingAsserts":1,"retryReasons":[],"startAt":1760633530714,"status":"passed","title":"should handle JSON storage errors in setConfig"},{"ancestorTitles":["Config Service","Configuration model integration"],"duration":24,"failing":false,"failureDetails":[],"failureMessages":[],"fullName":"Config Service Configuration model integration should use Configuration.create for validation","invocations":1,"location":null,"numPassingAsserts":1,"retryReasons":[],"startAt":1760633530731,"status":"passed","title":"should use Configuration.create for validation"}],"endTime":1760633530761,"message":"","name":"C:\\Repos\\UnlicesnsedDrivingSchool\\tests\\unit\\services\\configService.test.js","startTime":1760633519332,"status":"passed","summary":""},{"assertionResults":[{"ancestorTitles":["Local JSON Service","ensureDataDirectory"],"duration":68,"failing":false,"failureDetails":[],"failureMessages":[],"fullName":"Local JSON Service ensureDataDirectory should not create directory if it already exists","invocations":1,"location":null,"numPassingAsserts":2,"retryReasons":[],"startAt":1760633528949,"status":"passed","title":"should not create directory if it already exists"},{"ancestorTitles":["Local JSON Service","ensureDataDirectory"],"duration":3,"failing":false,"failureDetails":[],"failureMessages":[],"fullName":"Local JSON Service ensureDataDirectory should create directory if it does not exist","invocations":1,"location":null,"numPassingAsserts":2,"retryReasons":[],"startAt":1760633529018,"status":"passed","title":"should create directory if it does not exist"},{"ancestorTitles":["Local JSON Service","ensureDataDirectory"],"duration":59,"failing":false,"failureDetails":[],"failureMessages":[],"fullName":"Local JSON Service ensureDataDirectory should throw error if mkdir fails","invocations":1,"location":null,"numPassingAsserts":1,"retryReasons":[],"startAt":1760633529022,"status":"passed","title":"should throw error if mkdir fails"},{"ancestorTitles":["Local JSON Service","readJsonFile"],"duration":4,"failing":false,"failureDetails":[],"failureMessages":[],"fullName":"Local JSON Service readJsonFile should read and parse valid JSON file","invocations":1,"location":null,"numPassingAsserts":2,"retryReasons":[],"startAt":1760633529082,"status":"passed","title":"should read and parse valid JSON file"},{"ancestorTitles":["Local JSON Service","readJsonFile"],"duration":3,"failing":false,"failureDetails":[],"failureMessages":[],"fullName":"Local JSON Service readJsonFile should return empty array for non-existent file","invocations":1,"location":null,"numPassingAsserts":1,"retryReasons":[],"startAt":1760633529086,"status":"passed","title":"should return empty array for non-existent file"},{"ancestorTitles":["Local JSON Service","readJsonFile"],"duration":2,"failing":false,"failureDetails":[],"failureMessages":[],"fullName":"Local JSON Service readJsonFile should return empty array for empty file","invocations":1,"location":null,"numPassingAsserts":1,"retryReasons":[],"startAt":1760633529089,"status":"passed","title":"should return empty array for empty file"},{"ancestorTitles":["Local JSON Service","readJsonFile"],"duration":2,"failing":false,"failureDetails":[],"failureMessages":[],"fullName":"Local JSON Service readJsonFile should return empty array for whitespace-only file","invocations":1,"location":null,"numPassingAsserts":1,"retryReasons":[],"startAt":1760633529092,"status":"passed","title":"should return empty array for whitespace-only file"},{"ancestorTitles":["Local JSON Service","readJsonFile"],"duration":83,"failing":false,"failureDetails":[],"failureMessages":[],"fullName":"Local JSON Service readJsonFile should handle JSON parse errors gracefully","invocations":1,"location":null,"numPassingAsserts":1,"retryReasons":[],"startAt":1760633529094,"status":"passed","title":"should handle JSON parse errors gracefully"},{"ancestorTitles":["Local JSON Service","readJsonFile"],"duration":140,"failing":false,"failureDetails":[],"failureMessages":[],"fullName":"Local JSON Service readJsonFile should retry on read errors and eventually succeed","invocations":1,"location":null,"numPassingAsserts":2,"retryReasons":[],"startAt":1760633529178,"status":"passed","title":"should retry on read errors and eventually succeed"},{"ancestorTitles":["Local JSON Service","readJsonFile"],"duration":384,"failing":false,"failureDetails":[],"failureMessages":[],"fullName":"Local JSON Service readJsonFile should throw error after max retries","invocations":1,"location":null,"numPassingAsserts":1,"retryReasons":[],"startAt":1760633529319,"status":"passed","title":"should throw error after max retries"},{"ancestorTitles":["Local JSON Service","readJsonFile"],"duration":12,"failing":false,"failureDetails":[],"failureMessages":[],"fullName":"Local JSON Service readJsonFile should handle undefined or null data","invocations":1,"location":null,"numPassingAsserts":1,"retryReasons":[],"startAt":1760633529703,"status":"passed","title":"should handle undefined or null data"},{"ancestorTitles":["Local JSON Service","writeJsonFile"],"duration":2,"failing":false,"failureDetails":[],"failureMessages":[],"fullName":"Local JSON Service writeJsonFile should write data to JSON file atomically","invocations":1,"location":null,"numPassingAsserts":2,"retryReasons":[],"startAt":1760633529716,"status":"passed","title":"should write data to JSON file atomically"},{"ancestorTitles":["Local JSON Service","writeJsonFile"],"duration":218,"failing":false,"failureDetails":[],"failureMessages":[],"fullName":"Local JSON Service writeJsonFile should handle Windows file locking with retries","invocations":1,"location":null,"numPassingAsserts":2,"retryReasons":[],"startAt":1760633529719,"status":"passed","title":"should handle Windows file locking with retries"},{"ancestorTitles":["Local JSON Service","writeJsonFile"],"duration":3,"failing":false,"failureDetails":[],"failureMessages":[],"fullName":"Local JSON Service writeJsonFile should clean up temp file on error","invocations":1,"location":null,"numPassingAsserts":2,"retryReasons":[],"startAt":1760633529938,"status":"passed","title":"should clean up temp file on error"},{"ancestorTitles":["Local JSON Service","writeJsonFile"],"duration":436,"failing":false,"failureDetails":[],"failureMessages":[],"fullName":"Local JSON Service writeJsonFile should throw error after max retries on Windows","invocations":1,"location":null,"numPassingAsserts":1,"retryReasons":[],"startAt":1760633529941,"status":"passed","title":"should throw error after max retries on Windows"},{"ancestorTitles":["Local JSON Service","CRUD Operations","getAllRows"],"duration":2,"failing":false,"failureDetails":[],"failureMessages":[],"fullName":"Local JSON Service CRUD Operations getAllRows should get all rows from JSON file","invocations":1,"location":null,"numPassingAsserts":1,"retryReasons":[],"startAt":1760633530379,"status":"passed","title":"should get all rows from JSON file"},{"ancestorTitles":["Local JSON Service","CRUD Operations","getAllRows"],"duration":2,"failing":false,"failureDetails":[],"failureMessages":[],"fullName":"Local JSON Service CRUD Operations getAllRows should ignore spreadsheetId parameter","invocations":1,"location":null,"numPassingAsserts":1,"retryReasons":[],"startAt":1760633530381,"status":"passed","title":"should ignore spreadsheetId parameter"},{"ancestorTitles":["Local JSON Service","CRUD Operations","appendRow"],"duration":3,"failing":false,"failureDetails":[],"failureMessages":[],"fullName":"Local JSON Service CRUD Operations appendRow should append row to existing data","invocations":1,"location":null,"numPassingAsserts":2,"retryReasons":[],"startAt":1760633530383,"status":"passed","title":"should append row to existing data"},{"ancestorTitles":["Local JSON Service","CRUD Operations","appendRow"],"duration":4,"failing":false,"failureDetails":[],"failureMessages":[],"fullName":"Local JSON Service CRUD Operations appendRow should append to empty file","invocations":1,"location":null,"numPassingAsserts":2,"retryReasons":[],"startAt":1760633530386,"status":"passed","title":"should append to empty file"},{"ancestorTitles":["Local JSON Service","CRUD Operations","updateRow"],"duration":3,"failing":false,"failureDetails":[],"failureMessages":[],"fullName":"Local JSON Service CRUD Operations updateRow should update existing row","invocations":1,"location":null,"numPassingAsserts":1,"retryReasons":[],"startAt":1760633530391,"status":"passed","title":"should update existing row"},{"ancestorTitles":["Local JSON Service","CRUD Operations","updateRow"],"duration":2,"failing":false,"failureDetails":[],"failureMessages":[],"fullName":"Local JSON Service CRUD Operations updateRow should throw error for non-existent row","invocations":1,"location":null,"numPassingAsserts":1,"retryReasons":[],"startAt":1760633530395,"status":"passed","title":"should throw error for non-existent row"},{"ancestorTitles":["Local JSON Service","CRUD Operations","deleteRow"],"duration":2,"failing":false,"failureDetails":[],"failureMessages":[],"fullName":"Local JSON Service CRUD Operations deleteRow should delete existing row and return true","invocations":1,"location":null,"numPassingAsserts":2,"retryReasons":[],"startAt":1760633530398,"status":"passed","title":"should delete existing row and return true"},{"ancestorTitles":["Local JSON Service","CRUD Operations","deleteRow"],"duration":2,"failing":false,"failureDetails":[],"failureMessages":[],"fullName":"Local JSON Service CRUD Operations deleteRow should return false for non-existent row","invocations":1,"location":null,"numPassingAsserts":2,"retryReasons":[],"startAt":1760633530400,"status":"passed","title":"should return false for non-existent row"},{"ancestorTitles":["Local JSON Service","CRUD Operations","findRowById"],"duration":2,"failing":false,"failureDetails":[],"failureMessages":[],"fullName":"Local JSON Service CRUD Operations findRowById should find row by ID","invocations":1,"location":null,"numPassingAsserts":1,"retryReasons":[],"startAt":1760633530405,"status":"passed","title":"should find row by ID"},{"ancestorTitles":["Local JSON Service","CRUD Operations","findRowById"],"duration":3,"failing":false,"failureDetails":[],"failureMessages":[],"fullName":"Local JSON Service CRUD Operations findRowById should return null for non-existent row","invocations":1,"location":null,"numPassingAsserts":1,"retryReasons":[],"startAt":1760633530408,"status":"passed","title":"should return null for non-existent row"},{"ancestorTitles":["Local JSON Service","CRUD Operations","getRowsByFilter"],"duration":3,"failing":false,"failureDetails":[],"failureMessages":[],"fullName":"Local JSON Service CRUD Operations getRowsByFilter should filter rows using provided function","invocations":1,"location":null,"numPassingAsserts":1,"retryReasons":[],"startAt":1760633530411,"status":"passed","title":"should filter rows using provided function"},{"ancestorTitles":["Local JSON Service","CRUD Operations","getRowsByFilter"],"duration":2,"failing":false,"failureDetails":[],"failureMessages":[],"fullName":"Local JSON Service CRUD Operations getRowsByFilter should return empty array when no rows match filter","invocations":1,"location":null,"numPassingAsserts":1,"retryReasons":[],"startAt":1760633530414,"status":"passed","title":"should return empty array when no rows match filter"},{"ancestorTitles":["Local JSON Service","ensureSheetExists"],"duration":1,"failing":false,"failureDetails":[],"failureMessages":[],"fullName":"Local JSON Service ensureSheetExists should not create file if it already exists","invocations":1,"location":null,"numPassingAsserts":1,"retryReasons":[],"startAt":1760633530421,"status":"passed","title":"should not create file if it already exists"},{"ancestorTitles":["Local JSON Service","ensureSheetExists"],"duration":2,"failing":false,"failureDetails":[],"failureMessages":[],"fullName":"Local JSON Service ensureSheetExists should create empty JSON file if it does not exist","invocations":1,"location":null,"numPassingAsserts":2,"retryReasons":[],"startAt":1760633530423,"status":"passed","title":"should create empty JSON file if it does not exist"},{"ancestorTitles":["Local JSON Service","Environment configuration"],"duration":3,"failing":false,"failureDetails":[],"failureMessages":[],"fullName":"Local JSON Service Environment configuration should use custom DATA_DIR from environment","invocations":1,"location":null,"numPassingAsserts":1,"retryReasons":[],"startAt":1760633530427,"status":"passed","title":"should use custom DATA_DIR from environment"},{"ancestorTitles":["Local JSON Service","Error handling"],"duration":347,"failing":false,"failureDetails":[],"failureMessages":[],"fullName":"Local JSON Service Error handling should handle read errors gracefully","invocations":1,"location":null,"numPassingAsserts":1,"retryReasons":[],"startAt":1760633530430,"status":"passed","title":"should handle read errors gracefully"},{"ancestorTitles":["Local JSON Service","Error handling"],"duration":2,"failing":false,"failureDetails":[],"failureMessages":[],"fullName":"Local JSON Service Error handling should handle write errors","invocations":1,"location":null,"numPassingAsserts":1,"retryReasons":[],"startAt":1760633530778,"status":"passed","title":"should handle write errors"}],"endTime":1760633530787,"message":"","name":"C:\\Repos\\UnlicesnsedDrivingSchool\\tests\\unit\\services\\localJsonService.test.js","startTime":1760633519346,"status":"passed","summary":""},{"assertionResults":[{"ancestorTitles":["Configuration Model","constructor and validation"],"duration":54,"failing":false,"failureDetails":[],"failureMessages":[],"fullName":"Configuration Model constructor and validation should create a valid string configuration","invocations":1,"location":null,"numPassingAsserts":4,"retryReasons":[],"startAt":1760633530636,"status":"passed","title":"should create a valid string configuration"},{"ancestorTitles":["Configuration Model","constructor and validation"],"duration":7,"failing":false,"failureDetails":[],"failureMessages":[],"fullName":"Configuration Model constructor and validation should create a valid number configuration","invocations":1,"location":null,"numPassingAsserts":3,"retryReasons":[],"startAt":1760633530692,"status":"passed","title":"should create a valid number configuration"},{"ancestorTitles":["Configuration Model","constructor and validation"],"duration":9,"failing":false,"failureDetails":[],"failureMessages":[],"fullName":"Configuration Model constructor and validation should create a valid boolean configuration","invocations":1,"location":null,"numPassingAsserts":3,"retryReasons":[],"startAt":1760633530699,"status":"passed","title":"should create a valid boolean configuration"},{"ancestorTitles":["Configuration Model","constructor and validation"],"duration":5,"failing":false,"failureDetails":[],"failureMessages":[],"fullName":"Configuration Model constructor and validation should create a valid JSON configuration","invocations":1,"location":null,"numPassingAsserts":3,"retryReasons":[],"startAt":1760633530708,"status":"passed","title":"should create a valid JSON configuration"},{"ancestorTitles":["Configuration Model","constructor and validation"],"duration":84,"failing":false,"failureDetails":[],"failureMessages":[],"fullName":"Configuration Model constructor and validation should throw error for invalid data","invocations":1,"location":null,"numPassingAsserts":1,"retryReasons":[],"startAt":1760633530714,"status":"passed","title":"should throw error for invalid data"},{"ancestorTitles":["Configuration Model","validateAndConvertValue"],"duration":2,"failing":false,"failureDetails":[],"failureMessages":[],"fullName":"Configuration Model validateAndConvertValue should convert string values","invocations":1,"location":null,"numPassingAsserts":2,"retryReasons":[],"startAt":1760633530799,"status":"passed","title":"should convert string values"},{"ancestorTitles":["Configuration Model","validateAndConvertValue"],"duration":1,"failing":false,"failureDetails":[],"failureMessages":[],"fullName":"Configuration Model validateAndConvertValue should convert number values","invocations":1,"location":null,"numPassingAsserts":3,"retryReasons":[],"startAt":1760633530801,"status":"passed","title":"should convert number values"},{"ancestorTitles":["Configuration Model","validateAndConvertValue"],"duration":2,"failing":false,"failureDetails":[],"failureMessages":[],"fullName":"Configuration Model validateAndConvertValue should convert boolean values","invocations":1,"location":null,"numPassingAsserts":4,"retryReasons":[],"startAt":1760633530803,"status":"passed","title":"should convert boolean values"},{"ancestorTitles":["Configuration Model","validateAndConvertValue"],"duration":3,"failing":false,"failureDetails":[],"failureMessages":[],"fullName":"Configuration Model validateAndConvertValue should convert JSON values","invocations":1,"location":null,"numPassingAsserts":2,"retryReasons":[],"startAt":1760633530806,"status":"passed","title":"should convert JSON values"},{"ancestorTitles":["Configuration Model","validateAndConvertValue"],"duration":6,"failing":false,"failureDetails":[],"failureMessages":[],"fullName":"Configuration Model validateAndConvertValue should throw error for invalid conversions","invocations":1,"location":null,"numPassingAsserts":3,"retryReasons":[],"startAt":1760633530809,"status":"passed","title":"should throw error for invalid conversions"},{"ancestorTitles":["Configuration Model","validateBusinessRules"],"duration":11,"failing":false,"failureDetails":[],"failureMessages":[],"fullName":"Configuration Model validateBusinessRules should pass validation for unique key","invocations":1,"location":null,"numPassingAsserts":1,"retryReasons":[],"startAt":1760633530815,"status":"passed","title":"should pass validation for unique key"},{"ancestorTitles":["Configuration Model","validateBusinessRules"],"duration":4,"failing":false,"failureDetails":[],"failureMessages":[],"fullName":"Configuration Model validateBusinessRules should throw error for duplicate key","invocations":1,"location":null,"numPassingAsserts":1,"retryReasons":[],"startAt":1760633530826,"status":"passed","title":"should throw error for duplicate key"},{"ancestorTitles":["Configuration Model","category-specific validation"],"duration":3,"failing":false,"failureDetails":[],"failureMessages":[],"fullName":"Configuration Model category-specific validation should validate email configuration","invocations":1,"location":null,"numPassingAsserts":1,"retryReasons":[],"startAt":1760633530830,"status":"passed","title":"should validate email configuration"},{"ancestorTitles":["Configuration Model","category-specific validation"],"duration":4,"failing":false,"failureDetails":[],"failureMessages":[],"fullName":"Configuration Model category-specific validation should reject invalid email","invocations":1,"location":null,"numPassingAsserts":1,"retryReasons":[],"startAt":1760633530833,"status":"passed","title":"should reject invalid email"},{"ancestorTitles":["Configuration Model","category-specific validation"],"duration":7,"failing":false,"failureDetails":[],"failureMessages":[],"fullName":"Configuration Model category-specific validation should validate Google configuration","invocations":1,"location":null,"numPassingAsserts":1,"retryReasons":[],"startAt":1760633530838,"status":"passed","title":"should validate Google configuration"},{"ancestorTitles":["Configuration Model","category-specific validation"],"duration":3,"failing":false,"failureDetails":[],"failureMessages":[],"fullName":"Configuration Model category-specific validation should validate system configuration","invocations":1,"location":null,"numPassingAsserts":1,"retryReasons":[],"startAt":1760633530846,"status":"passed","title":"should validate system configuration"},{"ancestorTitles":["Configuration Model","category-specific validation"],"duration":4,"failing":false,"failureDetails":[],"failureMessages":[],"fullName":"Configuration Model category-specific validation should reject invalid rate limit","invocations":1,"location":null,"numPassingAsserts":1,"retryReasons":[],"startAt":1760633530849,"status":"passed","title":"should reject invalid rate limit"},{"ancestorTitles":["Configuration Model","value getters"],"duration":3,"failing":false,"failureDetails":[],"failureMessages":[],"fullName":"Configuration Model value getters should return typed value","invocations":1,"location":null,"numPassingAsserts":1,"retryReasons":[],"startAt":1760633530853,"status":"passed","title":"should return typed value"},{"ancestorTitles":["Configuration Model","value getters"],"duration":6,"failing":false,"failureDetails":[],"failureMessages":[],"fullName":"Configuration Model value getters should return string representation","invocations":1,"location":null,"numPassingAsserts":4,"retryReasons":[],"startAt":1760633530857,"status":"passed","title":"should return string representation"},{"ancestorTitles":["Configuration Model","create and update"],"duration":5,"failing":false,"failureDetails":[],"failureMessages":[],"fullName":"Configuration Model create and update should create configuration with timestamp","invocations":1,"location":null,"numPassingAsserts":4,"retryReasons":[],"startAt":1760633530863,"status":"passed","title":"should create configuration with timestamp"},{"ancestorTitles":["Configuration Model","create and update"],"duration":5,"failing":false,"failureDetails":[],"failureMessages":[],"fullName":"Configuration Model create and update should update configuration with new timestamp","invocations":1,"location":null,"numPassingAsserts":4,"retryReasons":[],"startAt":1760633530868,"status":"passed","title":"should update configuration with new timestamp"},{"ancestorTitles":["Configuration Model","getters"],"duration":1,"failing":false,"failureDetails":[],"failureMessages":[],"fullName":"Configuration Model getters should return types enum","invocations":1,"location":null,"numPassingAsserts":4,"retryReasons":[],"startAt":1760633530873,"status":"passed","title":"should return types enum"},{"ancestorTitles":["Configuration Model","getters"],"duration":1,"failing":false,"failureDetails":[],"failureMessages":[],"fullName":"Configuration Model getters should return categories enum","invocations":1,"location":null,"numPassingAsserts":3,"retryReasons":[],"startAt":1760633530875,"status":"passed","title":"should return categories enum"}],"endTime":1760633530883,"message":"","name":"C:\\Repos\\UnlicesnsedDrivingSchool\\tests\\unit\\models\\Configuration.test.js","startTime":1760633528862,"status":"passed","summary":""},{"assertionResults":[],"coverage":{},"endTime":1760633548248,"message":"  ● Test suite failed to run\n\n    TypeError: cuid2.init is not a function\n\n    \u001b[0m \u001b[90m  5 |\u001b[39m \u001b[90m */\u001b[39m\n     \u001b[90m  6 |\u001b[39m\n    \u001b[31m\u001b[1m>\u001b[22m\u001b[39m\u001b[90m  7 |\u001b[39m \u001b[36mconst\u001b[39m request \u001b[33m=\u001b[39m require(\u001b[32m'supertest'\u001b[39m)\u001b[33m;\u001b[39m\n     \u001b[90m    |\u001b[39m                 \u001b[31m\u001b[1m^\u001b[22m\u001b[39m\n     \u001b[90m  8 |\u001b[39m \u001b[36mconst\u001b[39m app \u001b[33m=\u001b[39m require(\u001b[32m'../../server/app'\u001b[39m)\u001b[33m;\u001b[39m\n     \u001b[90m  9 |\u001b[39m\n     \u001b[90m 10 |\u001b[39m \u001b[90m/**\u001b[39m\u001b[0m\n\n      at Object.<anonymous> (node_modules/formidable/dist/index.cjs:1003:24)\n      at Object.require (node_modules/superagent/src/node/index.js:16:20)\n      at Object.<anonymous> (node_modules/supertest/lib/test.js:12:21)\n      at Object.<anonymous> (node_modules/supertest/index.js:13:14)\n      at Object.require (tests/e2e/performance.test.js:7:17)\n","name":"C:\\Repos\\UnlicesnsedDrivingSchool\\tests\\e2e\\performance.test.js","startTime":1760633548248,"status":"failed","summary":""},{"assertionResults":[{"ancestorTitles":["Report Service","createReport"],"duration":211,"failing":false,"failureDetails":[],"failureMessages":[],"fullName":"Report Service createReport should create a report successfully","invocations":1,"location":null,"numPassingAsserts":5,"retryReasons":[],"startAt":1760633528993,"status":"passed","title":"should create a report successfully"},{"ancestorTitles":["Report Service","createReport"],"duration":98,"failing":false,"failureDetails":[],"failureMessages":[],"fullName":"Report Service createReport should throw error for missing school name","invocations":1,"location":null,"numPassingAsserts":1,"retryReasons":[],"startAt":1760633529206,"status":"passed","title":"should throw error for missing school name"},{"ancestorTitles":["Report Service","createReport"],"duration":150,"failing":false,"failureDetails":[],"failureMessages":[],"fullName":"Report Service createReport should update existing report for duplicate school name","invocations":1,"location":null,"numPassingAsserts":4,"retryReasons":[],"startAt":1760633529304,"status":"passed","title":"should update existing report for duplicate school name"},{"ancestorTitles":["Report Service","createReport"],"duration":45,"failing":false,"failureDetails":[],"failureMessages":[],"fullName":"Report Service createReport should handle Google Sheets API errors","invocations":1,"location":null,"numPassingAsserts":1,"retryReasons":[],"startAt":1760633529455,"status":"passed","title":"should handle Google Sheets API errors"},{"ancestorTitles":["Report Service","getReports"],"duration":76,"failing":false,"failureDetails":[],"failureMessages":[],"fullName":"Report Service getReports should return paginated reports successfully","invocations":1,"location":null,"numPassingAsserts":7,"retryReasons":[],"startAt":1760633529501,"status":"passed","title":"should return paginated reports successfully"},{"ancestorTitles":["Report Service","getReports"],"duration":124,"failing":false,"failureDetails":[],"failureMessages":[],"fullName":"Report Service getReports should filter reports by status","invocations":1,"location":null,"numPassingAsserts":2,"retryReasons":[],"startAt":1760633529578,"status":"passed","title":"should filter reports by status"},{"ancestorTitles":["Report Service","getReports"],"duration":84,"failing":false,"failureDetails":[],"failureMessages":[],"fullName":"Report Service getReports should filter reports by search term","invocations":1,"location":null,"numPassingAsserts":2,"retryReasons":[],"startAt":1760633529703,"status":"passed","title":"should filter reports by search term"},{"ancestorTitles":["Report Service","getReports"],"duration":81,"failing":false,"failureDetails":[],"failureMessages":[],"fullName":"Report Service getReports should sort reports correctly","invocations":1,"location":null,"numPassingAsserts":4,"retryReasons":[],"startAt":1760633529788,"status":"passed","title":"should sort reports correctly"},{"ancestorTitles":["Report Service","getReports"],"duration":826,"failing":false,"failureDetails":[],"failureMessages":[],"fullName":"Report Service getReports should handle pagination correctly","invocations":1,"location":null,"numPassingAsserts":10,"retryReasons":[],"startAt":1760633529870,"status":"passed","title":"should handle pagination correctly"},{"ancestorTitles":["Report Service","getReports"],"duration":2,"failing":false,"failureDetails":[],"failureMessages":[],"fullName":"Report Service getReports should handle Google Sheets API errors","invocations":1,"location":null,"numPassingAsserts":1,"retryReasons":[],"startAt":1760633530697,"status":"passed","title":"should handle Google Sheets API errors"},{"ancestorTitles":["Report Service","getReports"],"duration":16,"failing":false,"failureDetails":[],"failureMessages":[],"fullName":"Report Service 
[...]
sed","summary":""},{"assertionResults":[{"ancestorTitles":["API Service","ApiClient.request"],"duration":13,"failing":false,"failureDetails":[],"failureMessages":[],"fullName":"API Service ApiClient.request should make successful GET request without auth","invocations":1,"location":null,"numPassingAsserts":2,"retryReasons":[],"startAt":1760633536881,"status":"passed","title":"should make successful GET request without auth"},{"ancestorTitles":["API Service","ApiClient.request"],"duration":4,"failing":false,"failureDetails":[],"failureMessages":[],"fullName":"API Service ApiClient.request should make request with authentication header","invocations":1,"location":null,"numPassingAsserts":1,"retryReasons":[],"startAt":1760633536895,"status":"passed","title":"should make request with authentication header"},{"ancestorTitles":["API Service","ApiClient.request"],"duration":2,"failing":false,"failureDetails":[],"failureMessages":[],"fullName":"API Service ApiClient.request should make POST request with body","invocations":1,"location":null,"numPassingAsserts":2,"retryReasons":[],"startAt":1760633536899,"status":"passed","title":"should make POST request with body"},{"ancestorTitles":["API Service","ApiClient.request"],"duration":44,"failing":false,"failureDetails":[],"failureMessages":[],"fullName":"API Service ApiClient.request should handle HTTP error response","invocations":1,"location":null,"numPassingAsserts":1,"retryReasons":[],"startAt":1760633536902,"status":"passed","title":"should handle HTTP error response"},{"ancestorTitles":["API Service","ApiClient.request"],"duration":9,"failing":false,"failureDetails":[],"failureMessages":[],"fullName":"API Service ApiClient.request should handle network error","invocations":1,"location":null,"numPassingAsserts":1,"retryReasons":[],"startAt":1760633536946,"status":"passed","title":"should handle network error"},{"ancestorTitles":["API Service","ApiClient.request"],"duration":2,"failing":false,"failureDetails":[],"failureMessages":[],"fullName":"API Service ApiClient.request should handle malformed JSON response","invocations":1,"location":null,"numPassingAsserts":1,"retryReasons":[],"startAt":1760633536956,"status":"passed","title":"should handle malformed JSON response"},{"ancestorTitles":["API Service","getReports"],"duration":4,"failing":false,"failureDetails":[],"failureMessages":[],"fullName":"API Service getReports should get reports with default parameters","invocations":1,"location":null,"numPassingAsserts":2,"retryReasons":[],"startAt":1760633536959,"status":"passed","title":"should get reports with default parameters"},{"ancestorTitles":["API Service","getReports"],"duration":4,"failing":false,"failureDetails":[],"failureMessages":[],"fullName":"API Service getReports should get reports with custom parameters","invocations":1,"location":null,"numPassingAsserts":1,"retryReasons":[],"startAt":1760633536963,"status":"passed","title":"should get reports with custom parameters"},{"ancestorTitles":["API Service","getReports"],"duration":2,"failing":false,"failureDetails":[],"failureMessages":[],"fullName":"API Service getReports should handle API error","invocations":1,"location":null,"numPassingAsserts":1,"retryReasons":[],"startAt":1760633536967,"status":"passed","title":"should handle API error"},{"ancestorTitles":["API Service","submitReport"],"duration":2,"failing":false,"failureDetails":[],"failureMessages":[],"fullName":"API Service submitReport should submit report successfully","invocations":1,"location":null,"numPassingAsserts":2,"retryReasons":[],"startAt":1760633536970,"status":"passed","title":"should submit report successfully"},{"ancestorTitles":["API Service","submitReport"],"duration":1,"failing":false,"failureDetails":[],"failureMessages":[],"fullName":"API Service submitReport should submit report with files","invocations":1,"location":null,"numPassingAsserts":1,"retryReasons":[],"startAt":1760633536973,"status":"passed","title":"should submit report with files"},{"ancestorTitles":["API Service","submitReport"],"duration":2,"failing":false,"failureDetails":[],"failureMessages":[],"fullName":"API Service submitReport should handle submission error","invocations":1,"location":null,"numPassingAsserts":1,"retryReasons":[],"startAt":1760633536974,"status":"passed","title":"should handle submission error"},{"ancestorTitles":["API Service","uploadFiles"],"duration":5,"failing":false,"failureDetails":[],"failureMessages":[],"fullName":"API Service uploadFiles should upload files successfully","invocations":1,"location":null,"numPassingAsserts":2,"retryReasons":[],"startAt":1760633536977,"status":"passed","title":"should upload files successfully"},{"ancestorTitles":["API Service","uploadFiles"],"duration":2,"failing":false,"failureDetails":[],"failureMessages":[],"fullName":"API Service uploadFiles should handle upload error","invocations":1,"location":null,"numPassingAsserts":1,"retryReasons":[],"startAt":1760633536982,"status":"passed","title":"should handle upload error"},{"ancestorTitles":["API Service","uploadBase64Files"],"duration":7,"failing":false,"failureDetails":[],"failureMessages":[],"fullName":"API Service uploadBase64Files should upload base64 files successfully","invocations":1,"location":null,"numPassingAsserts":1,"retryReasons":[],"startAt":1760633536985,"status":"passed","title":"should upload base64 files successfully"},{"ancestorTitles":["API Service","uploadBase64Files"],"duration":1,"failing":false,"failureDetails":[],"failureMessages":[],"fullName":"API Service uploadBase64Files should handle base64 conversion error","invocations":1,"location":null,"numPassingAsserts":1,"retryReasons":[],"startAt":1760633536993,"status":"passed","title":"should handle base64 conversion error"},{"ancestorTitles":["API Service","updateReportStatus"],"duration":2,"failing":false,"failureDetails":[],"failureMessages":[],"fullName":"API Service updateReportStatus should update report status successfully","invocations":1,"location":null,"numPassingAsserts":2,"retryReasons":[],"startAt":1760633536995,"status":"passed","title":"should update report status successfully"},{"ancestorTitles":["API Service","updateReportStatus"],"duration":2,"failing":false,"failureDetails":[],"failureMessages":[],"fullName":"API Service updateReportStatus should handle status update error","invocations":1,"location":null,"numPassingAsserts":1,"retryReasons":[],"startAt":1760633536997,"status":"passed","title":"should handle status update error"},{"ancestorTitles":["API Service","getAuditLogs"],"duration":3,"failing":false,"failureDetails":[],"failureMessages":[],"fullName":"API Service getAuditLogs should get audit logs with parameters","invocations":1,"location":null,"numPassingAsserts":2,"retryReasons":[],"startAt":1760633536999,"status":"passed","title":"should get audit logs with parameters"},{"ancestorTitles":["API Service","getAuditLogs"],"duration":2,"failing":false,"failureDetails":[],"failureMessages":[],"fullName":"API Service getAuditLogs should handle audit logs error","invocations":1,"location":null,"numPassingAsserts":1,"retryReasons":[],"startAt":1760633537003,"status":"passed","title":"should handle audit logs error"},{"ancestorTitles":["API Service","getConfiguration"],"duration":1,"failing":false,"failureDetails":[],"failureMessages":[],"fullName":"API Service getConfiguration should get configuration successfully","invocations":1,"location":null,"numPassingAsserts":2,"retryReasons":[],"startAt":1760633537005,"status":"passed","title":"should get configuration successfully"},{"ancestorTitles":["API Service","getConfiguration"],"duration":1,"failing":false,"failureDetails":[],"failureMessages":[],"fullName":"API Service getConfiguration should handle configuration error","invocations":1,"location":null,"numPassingAsserts":1,"retryReasons":[],"startAt":1760633537007,"status":"passed","title":"should handle configuration error"},{"ancestorTitles":["API Service","sendEmail"],"duration":1,"failing":false,"failureDetails":[],"failureMessages":[],"fullName":"API Service sendEmail should send email successfully","invocations":1,"location":null,"numPassingAsserts":2,"retryReasons":[],"startAt":1760633537008,"status":"passed","title":"should send email successfully"},{"ancestorTitles":["API Service","sendEmail"],"duration":1,"failing":false,"failureDetails":[],"failureMessages":[],"fullName":"API Service sendEmail should handle email sending error","invocations":1,"location":null,"numPassingAsserts":1,"retryReasons":[],"startAt":1760633537010,"status":"passed","title":"should handle email sending error"},{"ancestorTitles":["API Service","convertFileToBase64"],"duration":8,"failing":false,"failureDetails":[],"failureMessages":[],"fullName":"API Service convertFileToBase64 should convert file to base64 successfully","invocations":1,"location":null,"numPassingAsserts":4,"retryReasons":[],"startAt":1760633537011,"status":"passed","title":"should convert file to base64 successfully"},{"ancestorTitles":["API Service","convertFileToBase64"],"duration":13,"failing":false,"failureDetails":[],"failureMessages":[],"fullName":"API Service convertFileToBase64 should handle file read error","invocations":1,"location":null,"numPassingAsserts":1,"retryReasons":[],"startAt":1760633537020,"status":"passed","title":"should handle file read error"},{"ancestorTitles":["API Service","validateFileForUpload"],"duration":2,"failing":false,"failureDetails":[],"failureMessages":[],"fullName":"API Service validateFileForUpload should validate valid image file","invocations":1,"location":null,"numPassingAsserts":2,"retryReasons":[],"startAt":1760633537034,"status":"passed","title":"should validate valid image file"},{"ancestorTitles":["API Service","validateFileForUpload"],"duration":2,"failing":false,"failureDetails":[],"failureMessages":[],"fullName":"API Service validateFileForUpload should validate valid PDF file","invocations":1,"location":null,"numPassingAsserts":2,"retryReasons":[],"startAt":1760633537036,"status":"passed","title":"should validate valid PDF file"},{"ancestorTitles":["API Service","validateFileForUpload"],"duration":1,"failing":false,"failureDetails":[],"failureMessages":[],"fullName":"API Service validateFileForUpload should validate valid video file","invocations":1,"location":null,"numPassingAsserts":2,"retryReasons":[],"startAt":1760633537038,"status":"passed","title":"should validate valid video file"},{"ancestorTitles":["API Service","validateFileForUpload"],"duration":2,"failing":false,"failureDetails":[],"failureMessages":[],"fullName":"API Service validateFileForUpload should reject file that is too large","invocations":1,"location":null,"numPassingAsserts":2,"retryReasons":[],"startAt":1760633537039,"status":"passed","title":"should reject file that is too large"},{"ancestorTitles":["API Service","validateFileForUpload"],"duration":2,"failing":false,"failureDetails":[],"failureMessages":[],"fullName":"API Service validateFileForUpload should reject unsupported file type","invocations":1,"location":null,"numPassingAsserts":2,"retryReasons":[],"startAt":1760633537041,"status":"passed","title":"should reject unsupported file type"},{"ancestorTitles":["API Service","validateFileForUpload"],"duration":1,"failing":false,"failureDetails":[],"failureMessages":[],"fullName":"API Service validateFileForUpload should reject file with zero size","invocations":1,"location":null,"numPassingAsserts":1,"retryReasons":[],"startAt":1760633537043,"status":"passed","title":"should reject file with zero size"}],"endTime":1760633537051,"message":"","name":"C:\\Repos\\UnlicesnsedDrivingSchool\\tests\\unit\\services\\api.test.js","startTime":1760633525590,"status":"passed","summary":""},{"assertionResults":[{"ancestorTitles":["FileUpload Component","Rendering"],"duration":176,"failing":false,"failureDetails":[],"failureMessages":[],"fullName":"FileUpload Component Rendering should render upload area","invocations":1,"location":null,"numPassingAsserts":3,"retryReasons":[],"startAt":1760633538269,"status":"passed","title":"should render upload area"},{"ancestorTitles":["FileUpload Component","Rendering"],"duration":15,"failing":false,"failureDetails":[],"failureMessages":[],"fullName":"FileUpload Component Rendering should show file count when files are selected","invocations":1,"location":null,"numPassingAsserts":1,"retryReasons":[],"startAt":1760633538446,"status":"passed","title":"should show file count when files are selected"},{"ancestorTitles":["FileUpload Component","Rendering"],"duration":19,"failing":false,"failureDetails":[],"failureMessages":[],"fullName":"FileUpload Component Rendering should disable upload when no reportId provided","invocations":1,"location":null,"numPassingAsserts":1,"retryReasons":[],"startAt":1760633538462,"status":"passed","title":"should disable upload when no reportId provided"},{"ancestorTitles":["FileUpload Component","File Selection"],"duration":104,"failing":false,"failureDetails":[],"failureMessages":[],"fullName":"FileUpload Component File Selection should handle file selection via browse button","invocations":1,"location":null,"numPassingAsserts":1,"retryReasons":[],"startAt":1760633538481,"status":"passed","title":"should handle file selection via browse button"},{"ancestorTitles":["FileUpload Component","File Selection"],"duration":38,"failing":false,"failureDetails":[],"failureMessages":[],"fullName":"FileUpload Component File Selection should validate files on selection","invocations":1,"location":null,"numPassingAsserts":1,"retryReasons":[],"startAt":1760633538585,"status":"passed","title":"should validate files on selection"},{"ancestorTitles":["FileUpload Component","File Upload"],"duration":107,"failing":false,"failureDetails":[],"failureMessages":[],"fullName":"FileUpload Component File Upload should upload files successfully","invocations":1,"location":null,"numPassingAsserts":3,"retryReasons":[],"startAt":1760633538624,"status":"passed","title":"should upload files successfully"},{"ancestorTitles":["FileUpload Component","File Upload"],"duration":57,"failing":false,"failureDetails":[],"failureMessages":[],"fullName":"FileUpload Component File Upload should handle upload errors","invocations":1,"location":null,"numPassingAsserts":2,"retryReasons":[],"startAt":1760633538731,"status":"passed","title":"should handle upload errors"},{"ancestorTitles":["FileUpload Component","File Upload"],"duration":59,"failing":false,"failureDetails":[],"failureMessages":[],"fullName":"FileUpload Component File Upload should show uploading state during upload","invocations":1,"location":null,"numPassingAsserts":3,"retryReasons":[],"startAt":1760633538789,"status":"passed","title":"should show uploading state during upload"},{"ancestorTitles":["FileUpload Component","File Management"],"duration":75,"failing":false,"failureDetails":[],"failureMessages":[],"fullName":"FileUpload Component File Management should remove files when remove button is clicked","invocations":1,"location":null,"numPassingAsserts":2,"retryReasons":[],"startAt":1760633538848,"status":"passed","title":"should remove files when remove button is clicked"},{"ancestorTitles":["FileUpload Component","File Management"],"duration":29,"failing":false,"failureDetails":[],"failureMessages":[],"fullName":"FileUpload Component File Management should display file information correctly","invocations":1,"location":null,"numPassingAsserts":3,"retryReasons":[],"startAt":1760633538924,"status":"passed","title":"should display file information correctly"},{"ancestorTitles":["FileUpload Component","File Management"],"duration":11,"failing":false,"failureDetails":[],"failureMessages":[],"fullName":"FileUpload Component File Management should show error for invalid files","invocations":1,"location":null,"numPassingAsserts":2,"retryReasons":[],"startAt":1760633538953,"status":"passed","title":"should show error for invalid files"},{"ancestorTitles":["FileUpload Component","Drag and Drop"],"duration":19,"failing":false,"failureDetails":[],"failureMessages":[],"fullName":"FileUpload Component Drag and Drop should handle file drop","invocations":1,"location":null,"numPassingAsserts":1,"retryReasons":[],"startAt":1760633538964,"status":"passed","title":"should handle file drop"},{"ancestorTitles":["FileUpload Component","Accessibility"],"duration":3,"failing":false,"failureDetails":[],"failureMessages":[],"fullName":"FileUpload Component Accessibility should have proper ARIA attributes","invocations":1,"location":null,"numPassingAsserts":2,"retryReasons":[],"startAt":1760633538983,"status":"passed","title":"should have proper ARIA attributes"},{"ancestorTitles":["FileUpload Component","Accessibility"],"duration":5,"failing":false,"failureDetails":[],"failureMessages":[],"fullName":"FileUpload Component Accessibility should disable component when disabled prop is true","invocations":1,"location":null,"numPassingAsserts":2,"retryReasons":[],"startAt":1760633538986,"status":"passed","title":"should disable component when disabled prop is true"}],"endTime":1760633538993,"message":"","name":"C:\\Repos\\UnlicesnsedDrivingSchool\\tests\\unit\\components\\FileUpload.test.js","startTime":1760633527385,"status":"passed","summary":""},{"assertionResults":[{"ancestorTitles":["Frontend Basic E2E Tests"],"duration":2048,"failing":false,"failureDetails":[],"failureMessages":[],"fullName":"Frontend Basic E2E Tests should load the home page","invocations":1,"location":null,"numPassingAsserts":2,"retryReasons":[],"startAt":1760633533179,"status":"passed","title":"should load the home page"},{"ancestorTitles":["Frontend Basic E2E Tests"],"duration":1168,"failing":false,"failureDetails":[],"failureMessages":[],"fullName":"Frontend Basic E2E Tests should display the report submission form","invocations":1,"location":null,"numPassingAsserts":2,"retryReasons":[],"startAt":1760633535228,"status":"passed","title":"should display the report submission form"},{"ancestorTitles":["Frontend Basic E2E Tests"],"duration":1190,"failing":false,"failureDetails":[],"failureMessages":[],"fullName":"Frontend Basic E2E Tests should allow navigation to login page","invocations":1,"location":null,"numPassingAsserts":1,"retryReasons":[],"startAt":1760633536396,"status":"passed","title":"should allow navigation to login page"},{"ancestorTitles":["Frontend Basic E2E Tests"],"duration":3158,"failing":false,"failureDetails":[],"failureMessages":[],"fullName":"Frontend Basic E2E Tests should display error messages for invalid form submission","invocations":1,"location":null,"numPassingAsserts":0,"retryReasons":[],"startAt":1760633537586,"status":"passed","title":"should display error messages for invalid form submission"},{"ancestorTitles":["Frontend Basic E2E Tests"],"duration":3094,"failing":false,"failureDetails":[],"failureMessages":[],"fullName":"Frontend Basic E2E Tests should handle responsive design","invocations":1,"location":null,"numPassingAsserts":2,"retryReasons":[],"startAt":1760633540744,"status":"passed","title":"should handle responsive design"},{"ancestorTitles":["Frontend Basic E2E Tests"],"duration":3082,"failing":false,"failureDetails":[],"failureMessages":[],"fullName":"Frontend Basic E2E Tests should load images and assets","invocations":1,"location":null,"numPassingAsserts":2,"retryReasons":[],"startAt":1760633543838,"status":"passed","title":"should load images and assets"},{"ancestorTitles":["Frontend Basic E2E Tests"],"duration":1055,"failing":false,"failureDetails":[],"failureMessages":[],"fullName":"Frontend Basic E2E Tests should have proper accessibility attributes","invocations":1,"location":null,"numPassingAsserts":2,"retryReasons":[],"startAt":1760633546920,"status":"passed","title":"should have proper accessibility attributes"}],"endTime":1760633548187,"message":"","name":"C:\\Repos\\UnlicesnsedDrivingSchool\\tests\\e2e\\frontend-basic.test.js","startTime":1760633519332,"status":"passed","summary":""}],"wasInterrupted":false}
